2024-05-18 05:53:19 [INFO] Starting minecraft server version 1.5.2
2024-05-18 05:53:19 [INFO] Loading properties
2024-05-18 05:53:19 [INFO] Default game type: SURVIVAL
2024-05-18 05:53:19 [INFO] Generating keypair
2024-05-18 05:53:19 [INFO] Starting Minecraft server on 127.0.0.1:25569
2024-05-18 05:53:19 [INFO] This server is running CraftBukkit version git-Bukkit-1.5.2-R1.0-b2788jnks (MC: 1.5.2) (Implementing API version 1.5.2-R1.0)
2024-05-18 05:53:19 [WARNING] Failed to load operators list: java.io.FileNotFoundException: ./ops.txt (No such file or directory)
2024-05-18 05:53:19 [WARNING] Failed to load white-list: java.io.FileNotFoundException: ./white-list.txt (No such file or directory)
2024-05-18 05:53:19 [WARNING] **** SERVER IS RUNNING IN OFFLINE/INSECURE MODE!
2024-05-18 05:53:19 [WARNING] The server will make no attempt to authenticate usernames. Beware.
2024-05-18 05:53:19 [WARNING] While this makes the game possible to play without internet access, it also opens up the ability for hackers to connect with any username they choose.
2024-05-18 05:53:19 [WARNING] To change this, set "online-mode" to "true" in the server.properties file.
2024-05-18 05:53:20 [INFO] Preparing level "world"
2024-05-18 05:53:20 [INFO] Preparing start region for level 0 (Seed: -4084269776056368184)
2024-05-18 05:53:20 [SEVERE] Exception in thread "Thread-5" 
2024-05-18 05:53:20 [SEVERE] org.bukkit.craftbukkit.libs.com.google.gson.JsonSyntaxException: java.lang.IllegalStateException: Expected BEGIN_OBJECT but was STRING at line 1 column 7

2024-05-18 05:53:20 [SEVERE] 	at org.bukkit.craftbukkit.libs.com.google.gson.internal.bind.ReflectiveTypeAdapterFactory$Adapter.read(ReflectiveTypeAdapterFactory.java:180)

2024-05-18 05:53:20 [SEVERE] 	at org.bukkit.craftbukkit.libs.com.google.gson.Gson.fromJson(Gson.java:755)

2024-05-18 05:53:20 [SEVERE] 	at org.bukkit.craftbukkit.libs.com.google.gson.Gson.fromJson(Gson.java:694)

2024-05-18 05:53:20 [SEVERE] 	at org.bukkit.craftbukkit.v1_5_R3.updater.BukkitDLUpdaterService.fetchArtifact(BukkitDLUpdaterService.java:51)

2024-05-18 05:53:20 [SEVERE] 	at org.bukkit.craftbukkit.v1_5_R3.updater.BukkitDLUpdaterService.getArtifact(BukkitDLUpdaterService.java:28)

2024-05-18 05:53:20 [SEVERE] 	at org.bukkit.craftbukkit.v1_5_R3.updater.AutoUpdater$1.run(AutoUpdater.java:77)

2024-05-18 05:53:20 [SEVERE] Caused by: java.lang.IllegalStateException: Expected BEGIN_OBJECT but was STRING at line 1 column 7

2024-05-18 05:53:20 [SEVERE] 	at org.bukkit.craftbukkit.libs.com.google.gson.stream.JsonReader.expect(JsonReader.java:339)

2024-05-18 05:53:20 [SEVERE] 	at org.bukkit.craftbukkit.libs.com.google.gson.stream.JsonReader.beginObject(JsonReader.java:322)

2024-05-18 05:53:20 [SEVERE] 	at org.bukkit.craftbukkit.libs.com.google.gson.internal.bind.ReflectiveTypeAdapterFactory$Adapter.read(ReflectiveTypeAdapterFactory.java:168)

2024-05-18 05:53:20 [SEVERE] 	... 5 more

2024-05-18 05:53:21 [INFO] Preparing spawn area: 16%
2024-05-18 05:53:22 [INFO] Preparing spawn area: 45%
2024-05-18 05:53:23 [INFO] Preparing spawn area: 74%
2024-05-18 05:53:23 [INFO] Preparing start region for level 1 (Seed: -4084269776056368184)
2024-05-18 05:53:24 [INFO] Preparing spawn area: 4%
2024-05-18 05:53:25 [INFO] Preparing spawn area: 45%
2024-05-18 05:53:26 [INFO] Preparing spawn area: 79%
2024-05-18 05:53:26 [INFO] Preparing start region for level 2 (Seed: -4084269776056368184)
2024-05-18 05:53:27 [INFO] Preparing spawn area: 37%
2024-05-18 05:53:27 [INFO] Server permissions file permissions.yml is empty, ignoring it
2024-05-18 05:53:27 [INFO] Done (7.947s)! For help, type "help" or "?"
2024-05-18 05:53:28 [INFO] Crash Loop Detector is Running! (30sec)

2024-05-18 05:53:28 [INFO] To increase, add "--crashTimeout [sec]" to the program's arguments

2024-05-18 06:02:13 [INFO] JustinTheGOAT[/127.0.0.1:42189] logged in with entity id 4963 at ([world] 92.5, 69.0, 259.5)
2024-05-18 06:05:01 [INFO] JustinTheGOAT lost connection: disconnect.quitting
2024-05-18 06:05:01 [INFO] Connection reset
2024-05-18 06:09:23 [INFO] Stopping server
2024-05-18 06:09:33 [INFO] Starting minecraft server version 1.5.2
2024-05-18 06:09:33 [INFO] Loading properties
2024-05-18 06:09:33 [INFO] Default game type: SURVIVAL
2024-05-18 06:09:33 [INFO] Generating keypair
2024-05-18 06:09:34 [INFO] Starting Minecraft server on 127.0.0.1:25569
2024-05-18 06:09:34 [INFO] This server is running CraftBukkit version git-Bukkit-1.5.2-R1.0-b2788jnks (MC: 1.5.2) (Implementing API version 1.5.2-R1.0)
2024-05-18 06:09:34 [WARNING] **** SERVER IS RUNNING IN OFFLINE/INSECURE MODE!
2024-05-18 06:09:34 [WARNING] The server will make no attempt to authenticate usernames. Beware.
2024-05-18 06:09:34 [WARNING] While this makes the game possible to play without internet access, it also opens up the ability for hackers to connect with any username they choose.
2024-05-18 06:09:34 [WARNING] To change this, set "online-mode" to "true" in the server.properties file.
2024-05-18 06:09:34 [INFO] Preparing level "world"
2024-05-18 06:09:34 [SEVERE] Exception in thread "Thread-5" 
2024-05-18 06:09:34 [SEVERE] org.bukkit.craftbukkit.libs.com.google.gson.JsonSyntaxException: java.lang.IllegalStateException: Expected BEGIN_OBJECT but was STRING at line 1 column 7

2024-05-18 06:09:34 [SEVERE] 	at org.bukkit.craftbukkit.libs.com.google.gson.internal.bind.ReflectiveTypeAdapterFactory$Adapter.read(ReflectiveTypeAdapterFactory.java:180)

2024-05-18 06:09:34 [SEVERE] 	at org.bukkit.craftbukkit.libs.com.google.gson.Gson.fromJson(Gson.java:755)

2024-05-18 06:09:34 [SEVERE] 	at org.bukkit.craftbukkit.libs.com.google.gson.Gson.fromJson(Gson.java:694)

2024-05-18 06:09:34 [SEVERE] 	at org.bukkit.craftbukkit.v1_5_R3.updater.BukkitDLUpdaterService.fetchArtifact(BukkitDLUpdaterService.java:51)

2024-05-18 06:09:34 [SEVERE] 	at org.bukkit.craftbukkit.v1_5_R3.updater.BukkitDLUpdaterService.getArtifact(BukkitDLUpdaterService.java:28)

2024-05-18 06:09:34 [SEVERE] 	at org.bukkit.craftbukkit.v1_5_R3.updater.AutoUpdater$1.run(AutoUpdater.java:77)

2024-05-18 06:09:34 [SEVERE] Caused by: java.lang.IllegalStateException: Expected BEGIN_OBJECT but was STRING at line 1 column 7

2024-05-18 06:09:34 [SEVERE] 	at org.bukkit.craftbukkit.libs.com.google.gson.stream.JsonReader.expect(JsonReader.java:339)

2024-05-18 06:09:34 [SEVERE] 	at org.bukkit.craftbukkit.libs.com.google.gson.stream.JsonReader.beginObject(JsonReader.java:322)

2024-05-18 06:09:34 [SEVERE] 	at org.bukkit.craftbukkit.libs.com.google.gson.internal.bind.ReflectiveTypeAdapterFactory$Adapter.read(ReflectiveTypeAdapterFactory.java:168)

2024-05-18 06:09:34 [SEVERE] 	... 5 more

2024-05-18 06:09:34 [INFO] Preparing start region for level 0 (Seed: -4084269776056368184)
2024-05-18 06:09:34 [INFO] Preparing start region for level 1 (Seed: -4084269776056368184)
2024-05-18 06:09:35 [INFO] Preparing start region for level 2 (Seed: -4084269776056368184)
2024-05-18 06:09:35 [INFO] Server permissions file permissions.yml is empty, ignoring it
2024-05-18 06:09:35 [INFO] Done (0.891s)! For help, type "help" or "?"
2024-05-18 06:09:35 [INFO] Crash Loop Detector is Running! (30sec)

2024-05-18 06:09:35 [INFO] To increase, add "--crashTimeout [sec]" to the program's arguments

2024-05-18 06:11:47 [INFO] Starting minecraft server version 1.5.2
2024-05-18 06:11:47 [INFO] Loading properties
2024-05-18 06:11:47 [INFO] Default game type: SURVIVAL
2024-05-18 06:11:47 [INFO] Generating keypair
2024-05-18 06:11:47 [INFO] Starting Minecraft server on 127.0.0.1:25569
2024-05-18 06:11:47 [INFO] This server is running CraftBukkit version git-Bukkit-1.5.2-R1.0-b2788jnks (MC: 1.5.2) (Implementing API version 1.5.2-R1.0)
2024-05-18 06:11:47 [WARNING] **** SERVER IS RUNNING IN OFFLINE/INSECURE MODE!
2024-05-18 06:11:47 [WARNING] The server will make no attempt to authenticate usernames. Beware.
2024-05-18 06:11:47 [WARNING] While this makes the game possible to play without internet access, it also opens up the ability for hackers to connect with any username they choose.
2024-05-18 06:11:47 [WARNING] To change this, set "online-mode" to "true" in the server.properties file.
2024-05-18 06:11:47 [INFO] Preparing level "world"
2024-05-18 06:11:47 [SEVERE] Exception in thread "Thread-5" 
2024-05-18 06:11:47 [SEVERE] org.bukkit.craftbukkit.libs.com.google.gson.JsonSyntaxException: java.lang.IllegalStateException: Expected BEGIN_OBJECT but was STRING at line 1 column 7

2024-05-18 06:11:47 [SEVERE] 	at org.bukkit.craftbukkit.libs.com.google.gson.internal.bind.ReflectiveTypeAdapterFactory$Adapter.read(ReflectiveTypeAdapterFactory.java:180)

2024-05-18 06:11:47 [SEVERE] 	at org.bukkit.craftbukkit.libs.com.google.gson.Gson.fromJson(Gson.java:755)

2024-05-18 06:11:47 [SEVERE] 	at org.bukkit.craftbukkit.libs.com.google.gson.Gson.fromJson(Gson.java:694)

2024-05-18 06:11:47 [SEVERE] 	at org.bukkit.craftbukkit.v1_5_R3.updater.BukkitDLUpdaterService.fetchArtifact(BukkitDLUpdaterService.java:51)

2024-05-18 06:11:47 [SEVERE] 	at org.bukkit.craftbukkit.v1_5_R3.updater.BukkitDLUpdaterService.getArtifact(BukkitDLUpdaterService.java:28)

2024-05-18 06:11:47 [SEVERE] 	at org.bukkit.craftbukkit.v1_5_R3.updater.AutoUpdater$1.run(AutoUpdater.java:77)

2024-05-18 06:11:47 [SEVERE] Caused by: java.lang.IllegalStateException: Expected BEGIN_OBJECT but was STRING at line 1 column 7

2024-05-18 06:11:47 [SEVERE] 	at org.bukkit.craftbukkit.libs.com.google.gson.stream.JsonReader.expect(JsonReader.java:339)

2024-05-18 06:11:47 [SEVERE] 	at org.bukkit.craftbukkit.libs.com.google.gson.stream.JsonReader.beginObject(JsonReader.java:322)

2024-05-18 06:11:47 [SEVERE] 	at org.bukkit.craftbukkit.libs.com.google.gson.internal.bind.ReflectiveTypeAdapterFactory$Adapter.read(ReflectiveTypeAdapterFactory.java:168)

2024-05-18 06:11:47 [SEVERE] 	... 5 more

2024-05-18 06:11:47 [INFO] Preparing start region for level 0 (Seed: -4084269776056368184)
2024-05-18 06:11:48 [INFO] Preparing start region for level 1 (Seed: -4084269776056368184)
2024-05-18 06:11:48 [INFO] Preparing start region for level 2 (Seed: -4084269776056368184)
2024-05-18 06:11:48 [INFO] Server permissions file permissions.yml is empty, ignoring it
2024-05-18 06:11:48 [INFO] Done (0.765s)! For help, type "help" or "?"
2024-05-18 06:11:48 [INFO] Crash Loop Detector is Running! (30sec)

2024-05-18 06:11:48 [INFO] To increase, add "--crashTimeout [sec]" to the program's arguments

2024-05-18 06:12:13 [INFO] Starting minecraft server version 1.5.2
2024-05-18 06:12:13 [INFO] Loading properties
2024-05-18 06:12:13 [INFO] Default game type: SURVIVAL
2024-05-18 06:12:13 [INFO] Generating keypair
2024-05-18 06:12:13 [INFO] Starting Minecraft server on 127.0.0.1:25569
2024-05-18 06:12:14 [INFO] This server is running CraftBukkit version git-Bukkit-1.5.2-R1.0-b2788jnks (MC: 1.5.2) (Implementing API version 1.5.2-R1.0)
2024-05-18 06:12:14 [WARNING] **** SERVER IS RUNNING IN OFFLINE/INSECURE MODE!
2024-05-18 06:12:14 [WARNING] The server will make no attempt to authenticate usernames. Beware.
2024-05-18 06:12:14 [WARNING] While this makes the game possible to play without internet access, it also opens up the ability for hackers to connect with any username they choose.
2024-05-18 06:12:14 [WARNING] To change this, set "online-mode" to "true" in the server.properties file.
2024-05-18 06:12:14 [INFO] Preparing level "world"
2024-05-18 06:12:14 [SEVERE] Exception in thread "Thread-5" 
2024-05-18 06:12:14 [SEVERE] org.bukkit.craftbukkit.libs.com.google.gson.JsonSyntaxException: java.lang.IllegalStateException: Expected BEGIN_OBJECT but was STRING at line 1 column 7

2024-05-18 06:12:14 [SEVERE] 	at org.bukkit.craftbukkit.libs.com.google.gson.internal.bind.ReflectiveTypeAdapterFactory$Adapter.read(ReflectiveTypeAdapterFactory.java:180)

2024-05-18 06:12:14 [SEVERE] 	at org.bukkit.craftbukkit.libs.com.google.gson.Gson.fromJson(Gson.java:755)

2024-05-18 06:12:14 [SEVERE] 	at org.bukkit.craftbukkit.libs.com.google.gson.Gson.fromJson(Gson.java:694)

2024-05-18 06:12:14 [SEVERE] 	at org.bukkit.craftbukkit.v1_5_R3.updater.BukkitDLUpdaterService.fetchArtifact(BukkitDLUpdaterService.java:51)

2024-05-18 06:12:14 [SEVERE] 	at org.bukkit.craftbukkit.v1_5_R3.updater.BukkitDLUpdaterService.getArtifact(BukkitDLUpdaterService.java:28)

2024-05-18 06:12:14 [SEVERE] 	at org.bukkit.craftbukkit.v1_5_R3.updater.AutoUpdater$1.run(AutoUpdater.java:77)

2024-05-18 06:12:14 [SEVERE] Caused by: java.lang.IllegalStateException: Expected BEGIN_OBJECT but was STRING at line 1 column 7

2024-05-18 06:12:14 [SEVERE] 	at org.bukkit.craftbukkit.libs.com.google.gson.stream.JsonReader.expect(JsonReader.java:339)

2024-05-18 06:12:14 [SEVERE] 	at org.bukkit.craftbukkit.libs.com.google.gson.stream.JsonReader.beginObject(JsonReader.java:322)

2024-05-18 06:12:14 [SEVERE] 	at org.bukkit.craftbukkit.libs.com.google.gson.internal.bind.ReflectiveTypeAdapterFactory$Adapter.read(ReflectiveTypeAdapterFactory.java:168)

2024-05-18 06:12:14 [SEVERE] 	... 5 more

2024-05-18 06:12:14 [INFO] Preparing start region for level 0 (Seed: -4084269776056368184)
2024-05-18 06:12:14 [INFO] Preparing start region for level 1 (Seed: -4084269776056368184)
2024-05-18 06:12:14 [INFO] Preparing start region for level 2 (Seed: -4084269776056368184)
2024-05-18 06:12:14 [INFO] Server permissions file permissions.yml is empty, ignoring it
2024-05-18 06:12:14 [INFO] Done (0.718s)! For help, type "help" or "?"
2024-05-18 06:12:14 [INFO] Crash Loop Detector is Running! (30sec)

2024-05-18 06:12:14 [INFO] To increase, add "--crashTimeout [sec]" to the program's arguments

2024-05-18 06:12:42 [INFO] Starting minecraft server version 1.5.2
2024-05-18 06:12:42 [INFO] Loading properties
2024-05-18 06:12:42 [INFO] Default game type: SURVIVAL
2024-05-18 06:12:42 [INFO] Generating keypair
2024-05-18 06:12:42 [INFO] Starting Minecraft server on 127.0.0.1:25569
2024-05-18 06:12:43 [INFO] This server is running CraftBukkit version git-Bukkit-1.5.2-R1.0-b2788jnks (MC: 1.5.2) (Implementing API version 1.5.2-R1.0)
2024-05-18 06:12:43 [WARNING] **** SERVER IS RUNNING IN OFFLINE/INSECURE MODE!
2024-05-18 06:12:43 [WARNING] The server will make no attempt to authenticate usernames. Beware.
2024-05-18 06:12:43 [WARNING] While this makes the game possible to play without internet access, it also opens up the ability for hackers to connect with any username they choose.
2024-05-18 06:12:43 [WARNING] To change this, set "online-mode" to "true" in the server.properties file.
2024-05-18 06:12:43 [INFO] Preparing level "world"
2024-05-18 06:12:43 [SEVERE] Exception in thread "Thread-5" 
2024-05-18 06:12:43 [SEVERE] org.bukkit.craftbukkit.libs.com.google.gson.JsonSyntaxException: java.lang.IllegalStateException: Expected BEGIN_OBJECT but was STRING at line 1 column 7

2024-05-18 06:12:43 [SEVERE] 	at org.bukkit.craftbukkit.libs.com.google.gson.internal.bind.ReflectiveTypeAdapterFactory$Adapter.read(ReflectiveTypeAdapterFactory.java:180)

2024-05-18 06:12:43 [SEVERE] 	at org.bukkit.craftbukkit.libs.com.google.gson.Gson.fromJson(Gson.java:755)

2024-05-18 06:12:43 [SEVERE] 	at org.bukkit.craftbukkit.libs.com.google.gson.Gson.fromJson(Gson.java:694)

2024-05-18 06:12:43 [SEVERE] 	at org.bukkit.craftbukkit.v1_5_R3.updater.BukkitDLUpdaterService.fetchArtifact(BukkitDLUpdaterService.java:51)

2024-05-18 06:12:43 [SEVERE] 	at org.bukkit.craftbukkit.v1_5_R3.updater.BukkitDLUpdaterService.getArtifact(BukkitDLUpdaterService.java:28)

2024-05-18 06:12:43 [SEVERE] 	at org.bukkit.craftbukkit.v1_5_R3.updater.AutoUpdater$1.run(AutoUpdater.java:77)

2024-05-18 06:12:43 [SEVERE] Caused by: java.lang.IllegalStateException: Expected BEGIN_OBJECT but was STRING at line 1 column 7

2024-05-18 06:12:43 [SEVERE] 	at org.bukkit.craftbukkit.libs.com.google.gson.stream.JsonReader.expect(JsonReader.java:339)

2024-05-18 06:12:43 [SEVERE] 	at org.bukkit.craftbukkit.libs.com.google.gson.stream.JsonReader.beginObject(JsonReader.java:322)

2024-05-18 06:12:43 [SEVERE] 	at org.bukkit.craftbukkit.libs.com.google.gson.internal.bind.ReflectiveTypeAdapterFactory$Adapter.read(ReflectiveTypeAdapterFactory.java:168)

2024-05-18 06:12:43 [SEVERE] 	... 5 more

2024-05-18 06:12:43 [INFO] Preparing start region for level 0 (Seed: -4084269776056368184)
2024-05-18 06:12:43 [INFO] Preparing start region for level 1 (Seed: -4084269776056368184)
2024-05-18 06:12:43 [INFO] Preparing start region for level 2 (Seed: -4084269776056368184)
2024-05-18 06:12:43 [INFO] Server permissions file permissions.yml is empty, ignoring it
2024-05-18 06:12:43 [INFO] Done (0.749s)! For help, type "help" or "?"
2024-05-18 06:12:43 [INFO] Crash Loop Detector is Running! (30sec)

2024-05-18 06:12:43 [INFO] To increase, add "--crashTimeout [sec]" to the program's arguments

2024-05-18 06:13:08 [INFO] Starting minecraft server version 1.5.2
2024-05-18 06:13:08 [INFO] Loading properties
2024-05-18 06:13:08 [INFO] Default game type: SURVIVAL
2024-05-18 06:13:08 [INFO] Generating keypair
2024-05-18 06:13:08 [INFO] Starting Minecraft server on 127.0.0.1:25569
2024-05-18 06:13:09 [INFO] This server is running CraftBukkit version git-Bukkit-1.5.2-R1.0-b2788jnks (MC: 1.5.2) (Implementing API version 1.5.2-R1.0)
2024-05-18 06:13:09 [WARNING] **** SERVER IS RUNNING IN OFFLINE/INSECURE MODE!
2024-05-18 06:13:09 [WARNING] The server will make no attempt to authenticate usernames. Beware.
2024-05-18 06:13:09 [WARNING] While this makes the game possible to play without internet access, it also opens up the ability for hackers to connect with any username they choose.
2024-05-18 06:13:09 [WARNING] To change this, set "online-mode" to "true" in the server.properties file.
2024-05-18 06:13:09 [INFO] Preparing level "world"
2024-05-18 06:13:09 [SEVERE] Exception in thread "Thread-5" 
2024-05-18 06:13:09 [SEVERE] org.bukkit.craftbukkit.libs.com.google.gson.JsonSyntaxException: java.lang.IllegalStateException: Expected BEGIN_OBJECT but was STRING at line 1 column 7

2024-05-18 06:13:09 [SEVERE] 	at org.bukkit.craftbukkit.libs.com.google.gson.internal.bind.ReflectiveTypeAdapterFactory$Adapter.read(ReflectiveTypeAdapterFactory.java:180)

2024-05-18 06:13:09 [SEVERE] 	at org.bukkit.craftbukkit.libs.com.google.gson.Gson.fromJson(Gson.java:755)

2024-05-18 06:13:09 [SEVERE] 	at org.bukkit.craftbukkit.libs.com.google.gson.Gson.fromJson(Gson.java:694)

2024-05-18 06:13:09 [SEVERE] 	at org.bukkit.craftbukkit.v1_5_R3.updater.BukkitDLUpdaterService.fetchArtifact(BukkitDLUpdaterService.java:51)

2024-05-18 06:13:09 [SEVERE] 	at org.bukkit.craftbukkit.v1_5_R3.updater.BukkitDLUpdaterService.getArtifact(BukkitDLUpdaterService.java:28)

2024-05-18 06:13:09 [SEVERE] 	at org.bukkit.craftbukkit.v1_5_R3.updater.AutoUpdater$1.run(AutoUpdater.java:77)

2024-05-18 06:13:09 [SEVERE] Caused by: java.lang.IllegalStateException: Expected BEGIN_OBJECT but was STRING at line 1 column 7

2024-05-18 06:13:09 [SEVERE] 	at org.bukkit.craftbukkit.libs.com.google.gson.stream.JsonReader.expect(JsonReader.java:339)

2024-05-18 06:13:09 [SEVERE] 	at org.bukkit.craftbukkit.libs.com.google.gson.stream.JsonReader.beginObject(JsonReader.java:322)

2024-05-18 06:13:09 [SEVERE] 	at org.bukkit.craftbukkit.libs.com.google.gson.internal.bind.ReflectiveTypeAdapterFactory$Adapter.read(ReflectiveTypeAdapterFactory.java:168)

2024-05-18 06:13:09 [SEVERE] 	... 5 more

2024-05-18 06:13:09 [INFO] Preparing start region for level 0 (Seed: -4084269776056368184)
2024-05-18 06:13:09 [INFO] Preparing start region for level 1 (Seed: -4084269776056368184)
2024-05-18 06:13:09 [INFO] Preparing start region for level 2 (Seed: -4084269776056368184)
2024-05-18 06:13:09 [INFO] Server permissions file permissions.yml is empty, ignoring it
2024-05-18 06:13:09 [INFO] Done (0.745s)! For help, type "help" or "?"
2024-05-18 06:13:09 [INFO] Crash Loop Detector is Running! (30sec)

2024-05-18 06:13:09 [INFO] To increase, add "--crashTimeout [sec]" to the program's arguments

2024-05-18 06:13:42 [INFO] JustinTheGOAT[/127.0.0.1:39245] logged in with entity id 423 at ([world] 91.60453242402791, 69.0, 253.1845085793851)
2024-05-18 06:13:49 [INFO] Connection reset
2024-05-18 06:13:49 [INFO] JustinTheGOAT lost connection: disconnect.quitting
2024-05-18 06:14:03 [INFO] Stopping server
