[14:30:06] [Server thread/INFO]: Starting minecraft server version 1.8.8
[14:30:06] [Server thread/INFO]: Loading properties
[14:30:06] [Server thread/INFO]: Default game type: SURVIVAL
[14:30:06] [Server thread/INFO]: This server is running CraftBukkit version git-PaperSpigot-445 (MC: 1.8.8) (Implementing API version 1.8.8-R0.1-SNAPSHOT)
[14:30:06] [Server thread/INFO]: Debug logging is disabled
[14:30:06] [Server thread/INFO]: Spigot Timings: true - Verbose: true - Interval: 5m - Length: 60m
[14:30:06] [Server thread/INFO]: Server Ping Player Sample Count: 12

[14:30:06] [Server thread/INFO]: Using 4 threads for Netty based IO
[14:30:06] [Server thread/INFO]: Data value allowed items: 
[14:30:06] [Server thread/WARN]: java.lang.NoSuchFieldException: modifiers

[14:30:06] [Server thread/WARN]: 	at java.base/java.lang.Class.getDeclaredField(Class.java:2782)

[14:30:06] [Server thread/WARN]: 	at org.github.paperspigot.PaperSpigotConfig.stackableBuckets(PaperSpigotConfig.java:192)

[14:30:06] [Server thread/WARN]: 	at java.base/jdk.internal.reflect.DirectMethodHandleAccessor.invoke(DirectMethodHandleAccessor.java:103)

[14:30:06] [Server thread/WARN]: 	at java.base/java.lang.reflect.Method.invoke(Method.java:580)

[14:30:06] [Server thread/WARN]: 	at org.github.paperspigot.PaperSpigotConfig.readConfig(PaperSpigotConfig.java:84)

[14:30:06] [Server thread/WARN]: 	at org.github.paperspigot.PaperSpigotConfig.init(PaperSpigotConfig.java:62)

[14:30:06] [Server thread/WARN]: 	at net.minecraft.server.v1_8_R3.DedicatedServer.init(DedicatedServer.java:181)

[14:30:06] [Server thread/WARN]: 	at net.minecraft.server.v1_8_R3.MinecraftServer.run(MinecraftServer.java:563)

[14:30:06] [Server thread/WARN]: 	at java.base/java.lang.Thread.run(Thread.java:1583)

[14:30:06] [Server thread/INFO]: Generating keypair
[14:30:07] [Server thread/INFO]: Starting Minecraft server on localhost:25565
[14:30:07] [Server thread/INFO]: Your platform does not provide complete low-level API for accessing direct buffers reliably. Unless explicitly requested, heap buffer will always be preferred to avoid potential system unstability.
[14:30:07] [Server thread/INFO]: Using default channel type
[14:30:07] [Server thread/WARN]: **** SERVER IS RUNNING IN OFFLINE/INSECURE MODE!
[14:30:07] [Server thread/WARN]: The server will make no attempt to authenticate usernames. Beware.
[14:30:07] [Server thread/WARN]: Whilst this makes it possible to use BungeeCord, unless access to your server is properly restricted, it also opens up the ability for hackers to connect with any username they choose.
[14:30:07] [Server thread/WARN]: Please see http://www.spigotmc.org/wiki/firewall-guide/ for further information.
[14:30:07] [Server thread/WARN]: To change this, set "online-mode" to "true" in the server.properties file.
[14:30:07] [Server thread/INFO]: **** Beginning UUID conversion, this may take A LONG time ****
[14:30:07] [Server thread/INFO]: Preparing level "world"
[14:30:07] [Server thread/INFO]: -------- World Settings For [world] --------
[14:30:07] [Server thread/INFO]: Mob Spawn Range: 4
[14:30:07] [Server thread/INFO]: Anti X-Ray: true
[14:30:07] [Server thread/INFO]: 	Engine Mode: 1
[14:30:07] [Server thread/INFO]: 	Hidden Blocks: [14, 15, 16, 21, 48, 49, 54, 56, 73, 74, 82, 129, 130]
[14:30:07] [Server thread/INFO]: 	Replace Blocks: [1, 5]
[14:30:07] [Server thread/INFO]: Nerfing mobs spawned from spawners: false
[14:30:07] [Server thread/INFO]: Cactus Growth Modifier: 100%
[14:30:07] [Server thread/INFO]: Cane Growth Modifier: 100%
[14:30:07] [Server thread/INFO]: Melon Growth Modifier: 100%
[14:30:07] [Server thread/INFO]: Mushroom Growth Modifier: 100%
[14:30:07] [Server thread/INFO]: Pumpkin Growth Modifier: 100%
[14:30:07] [Server thread/INFO]: Sapling Growth Modifier: 100%
[14:30:07] [Server thread/INFO]: Wheat Growth Modifier: 100%
[14:30:07] [Server thread/INFO]: NetherWart Growth Modifier: 100%
[14:30:07] [Server thread/INFO]: Entity Activation Range: An 32 / Mo 32 / Mi 16
[14:30:07] [Server thread/INFO]: Entity Tracking Range: Pl 48 / An 48 / Mo 48 / Mi 32 / Other 64
[14:30:07] [Server thread/INFO]: Hopper Transfer: 8 Hopper Check: 8 Hopper Amount: 1
[14:30:07] [Server thread/INFO]: Random Lighting Updates: false
[14:30:07] [Server thread/INFO]: Structure Info Saving: true
[14:30:07] [Server thread/INFO]: Sending up to 10 chunks per packet
[14:30:07] [Server thread/INFO]: Max Entity Collisions: 8
[14:30:07] [Server thread/INFO]: Custom Map Seeds:  Village: 10387312 Feature: 14357617
[14:30:07] [Server thread/INFO]: Max TNT Explosions: 100
[14:30:07] [Server thread/INFO]: Tile Max Tick Time: 50ms Entity max Tick Time: 50ms
[14:30:07] [Server thread/INFO]: Item Despawn Rate: 6000
[14:30:07] [Server thread/INFO]: Item Merge Radius: 2.5
[14:30:07] [Server thread/INFO]: Arrow Despawn Rate: 1200
[14:30:07] [Server thread/INFO]: Allow Zombie Pigmen to spawn from portal blocks: true
[14:30:07] [Server thread/INFO]: View Distance: 4
[14:30:07] [Server thread/INFO]: Zombie Aggressive Towards Villager: true
[14:30:07] [Server thread/INFO]: Chunks to Grow per Tick: 650
[14:30:07] [Server thread/INFO]: Clear tick list: false
[14:30:07] [Server thread/INFO]: Experience Merge Radius: 3.0
[14:30:07] [Server thread/INFO]: -------- World Settings For [world] --------
[14:30:07] [Server thread/INFO]: Living Entity Despawn Ranges:  Soft: 32 Hard: 128
[14:30:07] [Server thread/INFO]: Player blocking damage multiplier set to 0.5
[14:30:07] [Server thread/INFO]: Remove invalid mob spawner tile entities: true
[14:30:07] [Server thread/INFO]: Squids will spawn between Y: 45.0 and Y: 63.0
[14:30:07] [Server thread/INFO]: Max height for cactus growth 3. Max height for reed growth 3
[14:30:07] [Server thread/INFO]: Water over lava flow speed: 5
[14:30:07] [Server thread/INFO]: Fix TNT cannons: false
[14:30:07] [Server thread/INFO]: Allow undead horse types to be leashed: false
[14:30:07] [Server thread/INFO]: Keep spawn chunk loaded: true
[14:30:07] [Server thread/INFO]: World async lighting: false
[14:30:07] [Server thread/INFO]: WorldServer TickNextTick cap set at 10000
[14:30:07] [Server thread/INFO]: WorldServer TickNextTickList cap always processes redstone: false
[14:30:07] [Server thread/INFO]: -------- World Settings For [world_nether] --------
[14:30:07] [Server thread/INFO]: Mob Spawn Range: 4
[14:30:07] [Server thread/INFO]: Anti X-Ray: true
[14:30:07] [Server thread/INFO]: 	Engine Mode: 1
[14:30:07] [Server thread/INFO]: 	Hidden Blocks: [14, 15, 16, 21, 48, 49, 54, 56, 73, 74, 82, 129, 130]
[14:30:07] [Server thread/INFO]: 	Replace Blocks: [1, 5]
[14:30:07] [Server thread/INFO]: Nerfing mobs spawned from spawners: false
[14:30:07] [Server thread/INFO]: Cactus Growth Modifier: 100%
[14:30:07] [Server thread/INFO]: Cane Growth Modifier: 100%
[14:30:07] [Server thread/INFO]: Melon Growth Modifier: 100%
[14:30:07] [Server thread/INFO]: Mushroom Growth Modifier: 100%
[14:30:07] [Server thread/INFO]: Pumpkin Growth Modifier: 100%
[14:30:07] [Server thread/INFO]: Sapling Growth Modifier: 100%
[14:30:07] [Server thread/INFO]: Wheat Growth Modifier: 100%
[14:30:07] [Server thread/INFO]: NetherWart Growth Modifier: 100%
[14:30:07] [Server thread/INFO]: Entity Activation Range: An 32 / Mo 32 / Mi 16
[14:30:07] [Server thread/INFO]: Entity Tracking Range: Pl 48 / An 48 / Mo 48 / Mi 32 / Other 64
[14:30:07] [Server thread/INFO]: Hopper Transfer: 8 Hopper Check: 8 Hopper Amount: 1
[14:30:07] [Server thread/INFO]: Random Lighting Updates: false
[14:30:07] [Server thread/INFO]: Structure Info Saving: true
[14:30:07] [Server thread/INFO]: Sending up to 10 chunks per packet
[14:30:07] [Server thread/INFO]: Max Entity Collisions: 8
[14:30:07] [Server thread/INFO]: Custom Map Seeds:  Village: 10387312 Feature: 14357617
[14:30:07] [Server thread/INFO]: Max TNT Explosions: 100
[14:30:07] [Server thread/INFO]: Tile Max Tick Time: 50ms Entity max Tick Time: 50ms
[14:30:07] [Server thread/INFO]: Item Despawn Rate: 6000
[14:30:07] [Server thread/INFO]: Item Merge Radius: 2.5
[14:30:07] [Server thread/INFO]: Arrow Despawn Rate: 1200
[14:30:07] [Server thread/INFO]: Allow Zombie Pigmen to spawn from portal blocks: true
[14:30:07] [Server thread/INFO]: View Distance: 4
[14:30:07] [Server thread/INFO]: Zombie Aggressive Towards Villager: true
[14:30:07] [Server thread/INFO]: Chunks to Grow per Tick: 650
[14:30:07] [Server thread/INFO]: Clear tick list: false
[14:30:07] [Server thread/INFO]: Experience Merge Radius: 3.0
[14:30:07] [Server thread/INFO]: -------- World Settings For [world_nether] --------
[14:30:07] [Server thread/INFO]: Living Entity Despawn Ranges:  Soft: 32 Hard: 128
[14:30:07] [Server thread/INFO]: Player blocking damage multiplier set to 0.5
[14:30:07] [Server thread/INFO]: Remove invalid mob spawner tile entities: true
[14:30:07] [Server thread/INFO]: Squids will spawn between Y: 45.0 and Y: 63.0
[14:30:07] [Server thread/INFO]: Max height for cactus growth 3. Max height for reed growth 3
[14:30:07] [Server thread/INFO]: Water over lava flow speed: 5
[14:30:07] [Server thread/INFO]: Fix TNT cannons: false
[14:30:07] [Server thread/INFO]: Allow undead horse types to be leashed: false
[14:30:07] [Server thread/INFO]: Keep spawn chunk loaded: true
[14:30:07] [Server thread/INFO]: World async lighting: false
[14:30:07] [Server thread/INFO]: WorldServer TickNextTick cap set at 10000
[14:30:07] [Server thread/INFO]: WorldServer TickNextTickList cap always processes redstone: false
[14:30:07] [Server thread/INFO]: -------- World Settings For [world_the_end] --------
[14:30:07] [Server thread/INFO]: Mob Spawn Range: 4
[14:30:07] [Server thread/INFO]: Anti X-Ray: true
[14:30:07] [Server thread/INFO]: 	Engine Mode: 1
[14:30:07] [Server thread/INFO]: 	Hidden Blocks: [14, 15, 16, 21, 48, 49, 54, 56, 73, 74, 82, 129, 130]
[14:30:07] [Server thread/INFO]: 	Replace Blocks: [1, 5]
[14:30:07] [Server thread/INFO]: Nerfing mobs spawned from spawners: false
[14:30:07] [Server thread/INFO]: Cactus Growth Modifier: 100%
[14:30:07] [Server thread/INFO]: Cane Growth Modifier: 100%
[14:30:07] [Server thread/INFO]: Melon Growth Modifier: 100%
[14:30:07] [Server thread/INFO]: Mushroom Growth Modifier: 100%
[14:30:07] [Server thread/INFO]: Pumpkin Growth Modifier: 100%
[14:30:07] [Server thread/INFO]: Sapling Growth Modifier: 100%
[14:30:07] [Server thread/INFO]: Wheat Growth Modifier: 100%
[14:30:07] [Server thread/INFO]: NetherWart Growth Modifier: 100%
[14:30:07] [Server thread/INFO]: Entity Activation Range: An 32 / Mo 32 / Mi 16
[14:30:07] [Server thread/INFO]: Entity Tracking Range: Pl 48 / An 48 / Mo 48 / Mi 32 / Other 64
[14:30:07] [Server thread/INFO]: Hopper Transfer: 8 Hopper Check: 8 Hopper Amount: 1
[14:30:07] [Server thread/INFO]: Random Lighting Updates: false
[14:30:07] [Server thread/INFO]: Structure Info Saving: true
[14:30:07] [Server thread/INFO]: Sending up to 10 chunks per packet
[14:30:07] [Server thread/INFO]: Max Entity Collisions: 8
[14:30:07] [Server thread/INFO]: Custom Map Seeds:  Village: 10387312 Feature: 14357617
[14:30:07] [Server thread/INFO]: Max TNT Explosions: 100
[14:30:07] [Server thread/INFO]: Tile Max Tick Time: 50ms Entity max Tick Time: 50ms
[14:30:07] [Server thread/INFO]: Item Despawn Rate: 6000
[14:30:07] [Server thread/INFO]: Item Merge Radius: 2.5
[14:30:07] [Server thread/INFO]: Arrow Despawn Rate: 1200
[14:30:07] [Server thread/INFO]: Allow Zombie Pigmen to spawn from portal blocks: true
[14:30:07] [Server thread/INFO]: View Distance: 4
[14:30:07] [Server thread/INFO]: Zombie Aggressive Towards Villager: true
[14:30:07] [Server thread/INFO]: Chunks to Grow per Tick: 650
[14:30:07] [Server thread/INFO]: Clear tick list: false
[14:30:07] [Server thread/INFO]: Experience Merge Radius: 3.0
[14:30:07] [Server thread/INFO]: -------- World Settings For [world_the_end] --------
[14:30:07] [Server thread/INFO]: Living Entity Despawn Ranges:  Soft: 32 Hard: 128
[14:30:07] [Server thread/INFO]: Player blocking damage multiplier set to 0.5
[14:30:07] [Server thread/INFO]: Remove invalid mob spawner tile entities: true
[14:30:07] [Server thread/INFO]: Squids will spawn between Y: 45.0 and Y: 63.0
[14:30:07] [Server thread/INFO]: Max height for cactus growth 3. Max height for reed growth 3
[14:30:07] [Server thread/INFO]: Water over lava flow speed: 5
[14:30:07] [Server thread/INFO]: Fix TNT cannons: false
[14:30:07] [Server thread/INFO]: Allow undead horse types to be leashed: false
[14:30:07] [Server thread/INFO]: Keep spawn chunk loaded: true
[14:30:07] [Server thread/INFO]: World async lighting: false
[14:30:07] [Server thread/INFO]: WorldServer TickNextTick cap set at 10000
[14:30:07] [Server thread/INFO]: WorldServer TickNextTickList cap always processes redstone: false
[14:30:07] [Server thread/INFO]: Preparing start region for level 0 (Seed: 56003845)
[14:30:08] [Server thread/INFO]: Preparing spawn area: 32%
[14:30:09] [Server thread/INFO]: Preparing start region for level 1 (Seed: 56003845)
[14:30:10] [Server thread/INFO]: Preparing spawn area: 93%
[14:30:10] [Server thread/INFO]: Preparing start region for level 2 (Seed: 56003845)
[14:30:10] [Server thread/INFO]: Server permissions file permissions.yml is empty, ignoring it
[14:30:10] [Server thread/INFO]: Done (3.315s)! For help, type "help" or "?"
[14:30:10] [Server thread/INFO]: Timings Reset
[14:32:02] [Thread-5/INFO]: UUID of player Radium is af12e0f6-c4e8-35f7-9be3-c1cc731b8ab0
[14:32:02] [Server thread/INFO]: Radium[/[0:0:0:0:0:0:0:1]:34414] logged in with entity id 524 at ([world]-19.55263412099056, 64.0, 234.67296814918265)
[14:32:11] [Server thread/INFO]: [Server] sup gage
[14:32:16] [Thread-6/INFO]: UUID of player JustinTheGPTMan is 3f43d554-bfe3-3edf-9c60-97e371f64ce6
[14:32:16] [Server thread/INFO]: JustinTheGPTMan[/[0:0:0:0:0:0:0:1]:44708] logged in with entity id 710 at ([world]-1473.6999999880795, 43.0, 156.69999998807907)
[14:32:20] [Async Chat Thread - #0/INFO]: <JustinTheGPTMan> sup gage[m

[14:33:11] [Async Chat Thread - #0/INFO]: <Radium> whered my netherrack go[m

[14:33:20] [Async Chat Thread - #0/INFO]: <JustinTheGPTMan> idk, but i'm expanding my hole[m

[14:33:50] [Async Chat Thread - #0/INFO]: <JustinTheGPTMan> oh yea[m

[14:33:54] [Async Chat Thread - #0/INFO]: <JustinTheGPTMan> i forgot i died last peruof[m

[14:33:59] [Async Chat Thread - #0/INFO]: <JustinTheGPTMan> so i rollbacked the server[m

[14:33:59] [Async Chat Thread - #0/INFO]: <JustinTheGPTMan> b[m

[14:34:06] [Async Chat Thread - #0/INFO]: <JustinTheGPTMan> mb[m

[14:34:07] [Async Chat Thread - #0/INFO]: <Radium> :/[m

[14:34:27] [Async Chat Thread - #0/INFO]: <Radium> ima sacrifice my chikens so come to my base rq to watch[m

[14:34:37] [Async Chat Thread - #0/INFO]: <JustinTheGPTMan> im too far (-1500)[m

[14:34:39] [Thread-7/INFO]: UUID of player ___ is 3aa10d45-6372-352e-b9af-2eba497ed912
[14:34:39] [Server thread/INFO]: ___[/[0:0:0:0:0:0:0:1]:53436] logged in with entity id 1280 at ([world]-884.8559743346356, 43.0, 216.3654572102693)
[14:34:42] [Async Chat Thread - #0/INFO]: <Radium> oof[m

[14:34:42] [Async Chat Thread - #0/INFO]: <JustinTheGPTMan> sup ray[m

[14:34:44] [Async Chat Thread - #0/INFO]: <___> jesse[m

[14:34:47] [Async Chat Thread - #0/INFO]: <___> we need to mine[m

[14:34:54] [Async Chat Thread - #0/INFO]: <Radium> ray wanna watch me sacrifice my chikens[m

[14:35:03] [Async Chat Thread - #0/INFO]: <___> nah im deep in the mines[m

[14:35:05] [Async Chat Thread - #0/INFO]: <JustinTheGPTMan> same[m

[14:35:08] [Async Chat Thread - #0/INFO]: <___> trying to find justin's dad[m

[14:35:09] [Async Chat Thread - #0/INFO]: <JustinTheGPTMan> im deep in my hole[m

[14:35:12] [Async Chat Thread - #0/INFO]: <JustinTheGPTMan> same[m

[14:35:23] [Async Chat Thread - #0/INFO]: <Radium> :([m

[14:35:25] [Async Chat Thread - #0/INFO]: <JustinTheGPTMan> raymond i dug all the way to -1500[m

[14:35:31] [Async Chat Thread - #0/INFO]: <JustinTheGPTMan> continue mining there lol[m

[14:35:36] [Async Chat Thread - #0/INFO]: <___> erm[m

[14:35:38] [Async Chat Thread - #0/INFO]: <___> nuh uh[m

[14:35:44] [Async Chat Thread - #0/INFO]: <JustinTheGPTMan> ight then[m

[14:35:50] [Async Chat Thread - #0/INFO]: <JustinTheGPTMan> have fun suffering[m

[14:35:54] [Async Chat Thread - #0/INFO]: <JustinTheGPTMan> in your own hole[m

[14:36:18] [Async Chat Thread - #0/INFO]: <___> i dont even know where yours is[m

[14:36:25] [Async Chat Thread - #0/INFO]: <JustinTheGPTMan> what!?[m

[14:36:36] [Async Chat Thread - #0/INFO]: <___> nvm[m

[14:36:39] [Async Chat Thread - #0/INFO]: <JustinTheGPTMan> instead of you making a left turn[m

[14:36:40] [Async Chat Thread - #0/INFO]: <___> you went straight[m

[14:36:42] [Async Chat Thread - #0/INFO]: <JustinTheGPTMan> yea[m

[14:36:57] [Async Chat Thread - #0/INFO]: <___> dont mind the two suspicious white blocks[m

[14:37:00] [Async Chat Thread - #0/INFO]: <JustinTheGPTMan> idc[m

[14:37:09] [Async Chat Thread - #0/INFO]: <___> (it's not wool or quartz)[m

[14:37:24] [Async Chat Thread - #0/INFO]: <JustinTheGPTMan> iron block?[m

[14:37:34] [Async Chat Thread - #0/INFO]: <___> why would i waste iron[m

[14:37:54] [Async Chat Thread - #0/INFO]: <JustinTheGPTMan> oh[m

[14:37:57] [Async Chat Thread - #0/INFO]: <JustinTheGPTMan> idk[m

[14:38:17] [Async Chat Thread - #0/INFO]: <JustinTheGPTMan> ._.[m

[14:38:40] [Async Chat Thread - #0/INFO]: <JustinTheGPTMan> you still walking?[m

[14:38:42] [Async Chat Thread - #0/INFO]: <JustinTheGPTMan> ray?[m

[14:38:44] [Async Chat Thread - #0/INFO]: <___> yea[m

[14:38:47] [Async Chat Thread - #0/INFO]: <JustinTheGPTMan> oof[m

[14:39:46] [Async Chat Thread - #0/INFO]: <___> patching up holes too[m

[14:39:48] [Async Chat Thread - #0/INFO]: <JustinTheGPTMan> ight[m

[14:40:01] [Async Chat Thread - #0/INFO]: <___> im filling your hole rn[m

[14:40:12] [Async Chat Thread - #0/INFO]: <JustinTheGPTMan> yea if you're wondering where i died, it was on that long ahh bridge[m

[14:40:14] [Async Chat Thread - #0/INFO]: <JustinTheGPTMan> horray[m

[14:40:18] [Async Chat Thread - #0/INFO]: <JustinTheGPTMan> thanks for filling up my hole[m

[14:40:22] [Async Chat Thread - #0/INFO]: <JustinTheGPTMan> wait AYO[m

[14:40:28] [Async Chat Thread - #0/INFO]: <___> :skull:[m

[14:40:32] [Async Chat Thread - #0/INFO]: <Radium> my egg production goes crazy rn chat[m

[14:40:37] [Async Chat Thread - #0/INFO]: <JustinTheGPTMan> !?[m

[14:40:39] [Async Chat Thread - #0/INFO]: <JustinTheGPTMan> woah[m

[14:40:55] [Server thread/INFO]: JustinTheGPTMan issued server command: /tell ___ this server getting too skibidi, even for me
[14:41:09] [Server thread/INFO]: JustinTheGPTMan issued server command: /tell ___ gotta double pump witht he fanum tax
[14:41:21] [Async Chat Thread - #0/INFO]: <___> "justinthegptman whispers to you: this server getting too skibidi, even for me"[m

[14:41:30] [Async Chat Thread - #0/INFO]: <___> doxxing bros pms[m

[14:41:30] [Async Chat Thread - #0/INFO]: <JustinTheGPTMan> I heard Ms. Grote (the principal) say "yapper"[m

[14:41:34] [Async Chat Thread - #0/INFO]: <JustinTheGPTMan> naw[m

[14:42:09] [Async Chat Thread - #0/INFO]: <JustinTheGPTMan> ofc nobody gonna believe the principal said yappers[m

[14:42:22] [Async Chat Thread - #0/INFO]: <JustinTheGPTMan> wish i had footage :([m

[14:42:52] [Async Chat Thread - #0/INFO]: <___> i am the storm that is approaching[m

[14:42:54] [Async Chat Thread - #0/INFO]: <___> provoking[m

[14:43:01] [Async Chat Thread - #0/INFO]: <___> black clouds in isolation[m

[14:43:04] [Async Chat Thread - #0/INFO]: <JustinTheGPTMan> ?[m

[14:43:07] [Async Chat Thread - #0/INFO]: <___> i am reclaimer of my name[m

[14:43:10] [Async Chat Thread - #0/INFO]: <JustinTheGPTMan> o k a y[m

[14:43:59] [Async Chat Thread - #0/INFO]: <JustinTheGPTMan> you still walking ray?[m

[14:44:10] [Async Chat Thread - #0/INFO]: <___> like i said im patching holes too[m

[14:44:15] [Async Chat Thread - #0/INFO]: <JustinTheGPTMan> ah i see[m

[14:44:18] [Async Chat Thread - #0/INFO]: <Radium> maybe if we have time last period yall can come to my base for the chiken sacrifice[m

[14:44:19] [Async Chat Thread - #0/INFO]: <___> i am placing blocks n stuff[m

[14:44:32] [Async Chat Thread - #0/INFO]: <JustinTheGPTMan> ._.[m

[14:44:36] [Async Chat Thread - #0/INFO]: <JustinTheGPTMan> my inventory full xd[m

[14:44:58] [Async Chat Thread - #0/INFO]: <___> why couldnt this guy give us a free period bruh[m

[14:45:01] [Async Chat Thread - #0/INFO]: <JustinTheGPTMan> fr[m

[14:45:08] [Async Chat Thread - #0/INFO]: <Radium> ong[m

[14:45:10] [Async Chat Thread - #0/INFO]: <JustinTheGPTMan> just HAS to make us do W O R K[m

[14:45:18] [Async Chat Thread - #0/INFO]: <JustinTheGPTMan> now i envy him[m

[14:45:29] [Async Chat Thread - #0/INFO]: <Radium> youre jealous?[m

[14:45:31] [Async Chat Thread - #0/INFO]: <JustinTheGPTMan> literally every other teacher gives us free time today[m

[14:45:43] [Async Chat Thread - #0/INFO]: <JustinTheGPTMan> sorry, wrong choice of word[m

[14:45:53] [Async Chat Thread - #0/INFO]: <JustinTheGPTMan> "oppose"[m

[14:45:59] [Async Chat Thread - #0/INFO]: <Radium> hes your opp[m

[14:46:04] [Async Chat Thread - #0/INFO]: <JustinTheGPTMan> yea, for now[m

[14:46:19] [Server thread/INFO]: Radium lost connection: Disconnected
[14:46:19] [Server thread/INFO]: Radium left the game.
[14:46:20] [Async Chat Thread - #0/INFO]: <___> he is NOT sigma[m

[14:46:25] [Thread-8/INFO]: UUID of player mr_meow_meow is 83ad5c11-3041-3d8b-b7f5-9ea8b9acbe70
[14:46:25] [Async Chat Thread - #0/INFO]: <JustinTheGPTMan> D:[m

[14:46:25] [Server thread/INFO]: mr_meow_meow[/[0:0:0:0:0:0:0:1]:45300] logged in with entity id 4436 at ([world]-3.3000000119209334, 68.0, 241.52303124678997)
[14:46:27] [Async Chat Thread - #0/INFO]: <JustinTheGPTMan> sup gab[m

[14:46:29] [Async Chat Thread - #0/INFO]: <mr_meow_meow> sup[m

[14:46:30] [Server thread/INFO]: ___ lost connection: Disconnected
[14:46:30] [Server thread/INFO]: ___ left the game.
[14:46:33] [Server thread/INFO]: JustinTheGPTMan lost connection: Disconnected
[14:46:33] [Server thread/INFO]: JustinTheGPTMan left the game.
[14:46:42] [Server thread/INFO]: [Server] sorry about this but
[14:46:43] [Thread-2/INFO]: Stopping server
[14:46:43] [Thread-2/INFO]: Saving players
[14:46:43] [Thread-2/INFO]: mr_meow_meow lost connection: Server closed
