[06:56:09] [main/INFO]: Using mbed TLS based native cipher.
[06:56:09] [main/INFO]: Using zlib based native compressor.
[06:56:09] [main/INFO]: Enabled Waterfall version git:Waterfall-Bootstrap:1.19-R0.1-SNAPSHOT:f6069e2:513
[06:56:10] [main/INFO]: Not on Windows, attempting to use enhanced EpollEventLoop
[06:56:10] [main/INFO]: Epoll is working, utilising it!
[06:56:10] [main/INFO]: Discovered module: ModuleSpec(name=cmd_alert, file=modules/cmd_alert.jar, provider=JenkinsModuleSource())
[06:56:10] [main/INFO]: Discovered module: ModuleSpec(name=cmd_find, file=modules/cmd_find.jar, provider=JenkinsModuleSource())
[06:56:10] [main/INFO]: Discovered module: ModuleSpec(name=cmd_list, file=modules/cmd_list.jar, provider=JenkinsModuleSource())
[06:56:10] [main/INFO]: Discovered module: ModuleSpec(name=cmd_send, file=modules/cmd_send.jar, provider=JenkinsModuleSource())
[06:56:10] [main/INFO]: Discovered module: ModuleSpec(name=cmd_server, file=modules/cmd_server.jar, provider=JenkinsModuleSource())
[06:56:10] [main/INFO]: Discovered module: ModuleSpec(name=reconnect_yaml, file=modules/reconnect_yaml.jar, provider=JenkinsModuleSource())
[06:56:10] [main/INFO]: Loaded plugin reconnect_yaml version git:reconnect_yaml:1.19-R0.1-SNAPSHOT:f6069e2:513 by WaterfallMC
[06:56:10] [main/INFO]: Loaded plugin cmd_find version git:cmd_find:1.19-R0.1-SNAPSHOT:f6069e2:513 by WaterfallMC
[06:56:10] [main/INFO]: Loaded plugin cmd_server version git:cmd_server:1.19-R0.1-SNAPSHOT:f6069e2:513 by WaterfallMC
[06:56:10] [main/INFO]: Loaded plugin cmd_alert version git:cmd_alert:1.19-R0.1-SNAPSHOT:f6069e2:513 by WaterfallMC
[06:56:10] [main/INFO]: Loaded plugin cmd_send version git:cmd_send:1.19-R0.1-SNAPSHOT:f6069e2:513 by WaterfallMC
[06:56:10] [main/INFO]: Loaded plugin cmd_list version git:cmd_list:1.19-R0.1-SNAPSHOT:f6069e2:513 by WaterfallMC
[06:56:10] [main/WARN]: :>:>:>:>:>:>:>:>:>:>:>:>:>:>:>:>:>:>:>:>:>:>:>
[06:56:10] [main/WARN]: :>  
[06:56:10] [main/WARN]: :>      EAGLERCRAFTXBUNGEE WARNING:
[06:56:10] [main/WARN]: :>  
[06:56:10] [main/WARN]: :>  This plugin wasn't tested to be 'working'
[06:56:10] [main/WARN]: :>  with ANY version of BungeeCord (and forks)
[06:56:10] [main/WARN]: :>  apart from the versions listed below:
[06:56:10] [main/WARN]: :>  
[06:56:10] [main/WARN]: :>  - BungeeCord: 1.21-R0.1-SNAPSHOT:8a88ce4:1849
[06:56:10] [main/WARN]: :>  - Waterfall: 1.21-R0.1-SNAPSHOT:de8345a:579
[06:56:10] [main/WARN]: :>  
[06:56:10] [main/WARN]: :>  This is not a Bukkit/Spigot plugin!
[06:56:10] [main/WARN]: :>  
[06:56:10] [main/WARN]: :>  Use "-Deaglerxbungee.stfu=true" to hide
[06:56:10] [main/WARN]: :>  
[06:56:10] [main/WARN]: :>:>:>:>:>:>:>:>:>:>:>:>:>:>:>:>:>:>:>:>:>:>:>
[06:56:10] [main/INFO] [EaglercraftXBungee]: Loading vanilla profile: lax1dude
[06:56:14] [Skin Download Thread #1/INFO] [EaglercraftXBungee]: Loaded vanilla profile: lax1dude
[06:56:14] [main/INFO]: Loaded plugin EaglercraftXBungee version 2.0.0 by lax1dude
[06:56:15] [main/WARN]: Forced host server pvp is not defined
[06:56:15] [main/INFO]: Enabled plugin reconnect_yaml version git:reconnect_yaml:1.19-R0.1-SNAPSHOT:f6069e2:513 by WaterfallMC
[06:56:15] [main/INFO]: Enabled plugin cmd_find version git:cmd_find:1.19-R0.1-SNAPSHOT:f6069e2:513 by WaterfallMC
[06:56:15] [main/INFO]: Enabled plugin cmd_server version git:cmd_server:1.19-R0.1-SNAPSHOT:f6069e2:513 by WaterfallMC
[06:56:15] [main/INFO]: Enabled plugin cmd_alert version git:cmd_alert:1.19-R0.1-SNAPSHOT:f6069e2:513 by WaterfallMC
[06:56:15] [main/INFO]: Enabled plugin cmd_send version git:cmd_send:1.19-R0.1-SNAPSHOT:f6069e2:513 by WaterfallMC
[06:56:15] [main/INFO]: Enabled plugin cmd_list version git:cmd_list:1.19-R0.1-SNAPSHOT:f6069e2:513 by WaterfallMC
[06:56:15] [main/ERROR] [EaglercraftXBungee]: Online mode is set to false! Authentication system has been disabled
[06:56:15] [Netty Boss IO Thread #0/INFO] [EaglercraftXBungee]: Eaglercraft is listening on: /0.0.0.0:8081
[06:56:16] [main/INFO] [EaglercraftXBungee]: Connected to database: jdbc:sqlite:eaglercraft_skins_cache.db
[06:56:16] [main/WARN] [EaglercraftXBungee]: Voice chat enabled, not recommended for public servers!
[06:56:16] [main/INFO]: Enabled plugin EaglercraftXBungee version 2.0.0 by lax1dude
[06:56:16] [Netty Boss IO Thread #1/INFO]: Listening on /127.0.0.1:25578
[06:56:16] [EaglerXBungee: Network Tick Tasks/INFO] [EaglercraftXBungee]: Loaded certificate: /workspaces/base-vm/java3/bungee/plugins/EaglercraftXBungee/eagcert/$dl.426791e3ea9528093a8ce7254e0c3bb7b11e6971.cert
[06:56:50] [Netty Worker IO Thread #1/INFO] [EaglercraftXBungee]: [/[0:0:0:0:0:0:0:1%0]:60784]: Connected via websocket
[06:56:50] [Netty Worker IO Thread #1/INFO] [EaglercraftXBungee]: [/[0:0:0:0:0:0:0:1%0]:60784]: Origin header is https://codebeautify.org
[06:56:50] [Netty Worker IO Thread #1/INFO] [EaglercraftXBungee]: [/[0:0:0:0:0:0:0:1%0]:60784]: Logged in as 'mr_meow_meow'
[06:56:50] [Netty Worker IO Thread #1/INFO]: [/[0:0:0:0:0:0:0:1%0]:60784|mr_meow_meow] -> UpstreamBridge has connected
[06:56:50] [Netty Worker IO Thread #1/INFO]: [mr_meow_meow|/[0:0:0:0:0:0:0:1%0]:60784] <-> ServerConnector [lobby] has connected
[06:57:51] [Netty Worker IO Thread #3/INFO] [EaglercraftXBungee]: [/[0:0:0:0:0:0:0:1%0]:49636]: Connected via websocket
[06:57:51] [Netty Worker IO Thread #3/INFO] [EaglercraftXBungee]: [/[0:0:0:0:0:0:0:1%0]:49636]: Origin header is https://codebeautify.org
[06:57:51] [Netty Worker IO Thread #3/INFO] [EaglercraftXBungee]: [/[0:0:0:0:0:0:0:1%0]:49636]: Logged in as '___'
[06:57:51] [Netty Worker IO Thread #3/INFO]: [/[0:0:0:0:0:0:0:1%0]:49636|___] -> UpstreamBridge has connected
[06:57:51] [Netty Worker IO Thread #3/INFO]: [___|/[0:0:0:0:0:0:0:1%0]:49636] <-> ServerConnector [lobby] has connected
[07:01:40] [Netty Worker IO Thread #1/INFO] [EaglercraftXBungee]: [/[0:0:0:0:0:0:0:1%0]:60234]: Connected via websocket
[07:01:40] [Netty Worker IO Thread #1/INFO] [EaglercraftXBungee]: [/[0:0:0:0:0:0:0:1%0]:60234]: Origin header is null
[07:01:40] [Netty Worker IO Thread #1/INFO] [EaglercraftXBungee]: [/[0:0:0:0:0:0:0:1%0]:60234]: Logged in as 'JustinTheGPTMan'
[07:01:40] [Netty Worker IO Thread #1/INFO]: [/[0:0:0:0:0:0:0:1%0]:60234|JustinTheGPTMan] -> UpstreamBridge has connected
[07:01:40] [Netty Worker IO Thread #1/INFO]: [JustinTheGPTMan|/[0:0:0:0:0:0:0:1%0]:60234] <-> ServerConnector [lobby] has connected
[07:03:19] [Netty Worker IO Thread #3/INFO]: [___] disconnected with: Proxy lost connection to server.
[07:03:19] [Netty Worker IO Thread #3/INFO]: [/[0:0:0:0:0:0:0:1%0]:49636|___] <-> DownstreamBridge <-> [lobby] has disconnected
[07:03:19] [Netty Worker IO Thread #3/INFO]: [/[0:0:0:0:0:0:0:1%0]:49636|___] -> UpstreamBridge has disconnected
[07:04:35] [Netty Worker IO Thread #1/INFO]: [/[0:0:0:0:0:0:0:1%0]:60234|JustinTheGPTMan] -> UpstreamBridge has disconnected
[07:04:35] [Netty Worker IO Thread #1/INFO]: [JustinTheGPTMan] disconnected with: Proxy lost connection to server.
[07:04:35] [Netty Worker IO Thread #1/INFO]: [/[0:0:0:0:0:0:0:1%0]:60234|JustinTheGPTMan] <-> DownstreamBridge <-> [lobby] has disconnected
[07:05:17] [Netty Worker IO Thread #3/INFO] [EaglercraftXBungee]: [/[0:0:0:0:0:0:0:1%0]:56910]: Connected via websocket
[07:05:17] [Netty Worker IO Thread #3/INFO] [EaglercraftXBungee]: [/[0:0:0:0:0:0:0:1%0]:56910]: Origin header is https://codebeautify.org
[07:05:17] [Netty Worker IO Thread #3/INFO] [EaglercraftXBungee]: [/[0:0:0:0:0:0:0:1%0]:56910]: Logged in as '___'
[07:05:17] [Netty Worker IO Thread #3/INFO]: [/[0:0:0:0:0:0:0:1%0]:56910|___] -> UpstreamBridge has connected
[07:05:17] [Netty Worker IO Thread #3/INFO]: [___|/[0:0:0:0:0:0:0:1%0]:56910] <-> ServerConnector [lobby] has connected
[07:06:05] [Netty Worker IO Thread #0/INFO] [EaglercraftXBungee]: [/[0:0:0:0:0:0:0:1%0]:48986]: Connected via websocket
[07:06:05] [Netty Worker IO Thread #0/INFO] [EaglercraftXBungee]: [/[0:0:0:0:0:0:0:1%0]:48986]: Origin header is null
[07:06:05] [Netty Worker IO Thread #0/INFO] [EaglercraftXBungee]: [/[0:0:0:0:0:0:0:1%0]:48986]: Logged in as 'JustinTheGPTMan'
[07:06:05] [Netty Worker IO Thread #0/INFO]: [/[0:0:0:0:0:0:0:1%0]:48986|JustinTheGPTMan] -> UpstreamBridge has connected
[07:06:05] [Netty Worker IO Thread #0/INFO]: [JustinTheGPTMan|/[0:0:0:0:0:0:0:1%0]:48986] <-> ServerConnector [lobby] has connected
[07:07:38] [Netty Worker IO Thread #2/INFO] [EaglercraftXBungee]: [/[0:0:0:0:0:0:0:1%0]:44566]: Connected via websocket
[07:07:38] [Netty Worker IO Thread #2/INFO] [EaglercraftXBungee]: [/[0:0:0:0:0:0:0:1%0]:44566]: Origin header is https://codebeautify.org
[07:07:38] [Netty Worker IO Thread #2/INFO] [EaglercraftXBungee]: [/[0:0:0:0:0:0:0:1%0]:44566]: Logged in as 'im_New'
[07:07:38] [Netty Worker IO Thread #2/INFO]: [/[0:0:0:0:0:0:0:1%0]:44566|im_New] -> UpstreamBridge has connected
[07:07:38] [Netty Worker IO Thread #2/INFO]: [im_New|/[0:0:0:0:0:0:0:1%0]:44566] <-> ServerConnector [lobby] has connected
[07:09:30] [Netty Worker IO Thread #1/INFO]: [/[0:0:0:0:0:0:0:1%0]:60784|mr_meow_meow] -> UpstreamBridge has disconnected
[07:09:30] [Netty Worker IO Thread #1/INFO]: [mr_meow_meow] disconnected with: Proxy lost connection to server.
[07:09:30] [Netty Worker IO Thread #1/INFO]: [/[0:0:0:0:0:0:0:1%0]:60784|mr_meow_meow] <-> DownstreamBridge <-> [lobby] has disconnected
[07:15:56] [Netty Worker IO Thread #1/INFO] [EaglercraftXBungee]: [/[0:0:0:0:0:0:0:1%0]:42896]: Connected via websocket
[07:15:56] [Netty Worker IO Thread #1/INFO] [EaglercraftXBungee]: [/[0:0:0:0:0:0:0:1%0]:42896]: Origin header is https://codebeautify.org
[07:15:56] [Netty Worker IO Thread #1/INFO] [EaglercraftXBungee]: [/[0:0:0:0:0:0:0:1%0]:42896]: Logged in as 'mr_meow_meow'
[07:15:56] [Netty Worker IO Thread #1/INFO]: [/[0:0:0:0:0:0:0:1%0]:42896|mr_meow_meow] -> UpstreamBridge has connected
[07:15:56] [Netty Worker IO Thread #1/INFO]: [mr_meow_meow|/[0:0:0:0:0:0:0:1%0]:42896] <-> ServerConnector [lobby] has connected
[07:23:11] [Netty Worker IO Thread #1/INFO]: [/[0:0:0:0:0:0:0:1%0]:42896|mr_meow_meow] -> UpstreamBridge has disconnected
[07:23:11] [Netty Worker IO Thread #1/INFO]: [mr_meow_meow] disconnected with: Proxy lost connection to server.
[07:23:11] [Netty Worker IO Thread #1/INFO]: [/[0:0:0:0:0:0:0:1%0]:42896|mr_meow_meow] <-> DownstreamBridge <-> [lobby] has disconnected
[07:23:24] [Netty Worker IO Thread #0/INFO]: [JustinTheGPTMan] disconnected with: Proxy lost connection to server.
[07:23:24] [Netty Worker IO Thread #0/INFO]: [/[0:0:0:0:0:0:0:1%0]:48986|JustinTheGPTMan] <-> DownstreamBridge <-> [lobby] has disconnected
[07:23:24] [Netty Worker IO Thread #0/INFO]: [/[0:0:0:0:0:0:0:1%0]:48986|JustinTheGPTMan] -> UpstreamBridge has disconnected
[07:23:48] [Netty Worker IO Thread #3/INFO]: [___] disconnected with: Proxy lost connection to server.
[07:23:48] [Netty Worker IO Thread #3/INFO]: [/[0:0:0:0:0:0:0:1%0]:56910|___] <-> DownstreamBridge <-> [lobby] has disconnected
[07:23:48] [Netty Worker IO Thread #3/INFO]: [/[0:0:0:0:0:0:0:1%0]:56910|___] -> UpstreamBridge has disconnected
[07:23:58] [Netty Worker IO Thread #3/INFO] [EaglercraftXBungee]: [/[0:0:0:0:0:0:0:1%0]:56784]: Connected via websocket
[07:23:58] [Netty Worker IO Thread #3/INFO] [EaglercraftXBungee]: [/[0:0:0:0:0:0:0:1%0]:56784]: Origin header is https://codebeautify.org
[07:23:58] [Netty Worker IO Thread #3/INFO] [EaglercraftXBungee]: [/[0:0:0:0:0:0:0:1%0]:56784]: Logged in as '___'
[07:23:58] [Netty Worker IO Thread #3/INFO]: [/[0:0:0:0:0:0:0:1%0]:56784|___] -> UpstreamBridge has connected
[07:23:58] [Netty Worker IO Thread #3/INFO]: [___|/[0:0:0:0:0:0:0:1%0]:56784] <-> ServerConnector [lobby] has connected
[07:24:49] [Netty Worker IO Thread #0/INFO] [EaglercraftXBungee]: [/[0:0:0:0:0:0:0:1%0]:33858]: Connected via websocket
[07:24:49] [Netty Worker IO Thread #0/INFO] [EaglercraftXBungee]: [/[0:0:0:0:0:0:0:1%0]:33858]: Origin header is https://codebeautify.org
[07:24:49] [Netty Worker IO Thread #0/INFO] [EaglercraftXBungee]: [/[0:0:0:0:0:0:0:1%0]:33858]: Logged in as 'mr_meow_meow'
[07:24:49] [Netty Worker IO Thread #0/INFO]: [/[0:0:0:0:0:0:0:1%0]:33858|mr_meow_meow] -> UpstreamBridge has connected
[07:24:49] [Netty Worker IO Thread #0/INFO]: [mr_meow_meow|/[0:0:0:0:0:0:0:1%0]:33858] <-> ServerConnector [lobby] has connected
[07:24:59] [Netty Worker IO Thread #1/INFO] [EaglercraftXBungee]: [/[0:0:0:0:0:0:0:1%0]:42154]: Connected via websocket
[07:24:59] [Netty Worker IO Thread #1/INFO] [EaglercraftXBungee]: [/[0:0:0:0:0:0:0:1%0]:42154]: Origin header is null
[07:25:00] [Netty Worker IO Thread #1/INFO] [EaglercraftXBungee]: [/[0:0:0:0:0:0:0:1%0]:42154]: Logged in as 'JustinTheGPTMan'
[07:25:00] [Netty Worker IO Thread #1/INFO]: [/[0:0:0:0:0:0:0:1%0]:42154|JustinTheGPTMan] -> UpstreamBridge has connected
[07:25:00] [Netty Worker IO Thread #1/INFO]: [JustinTheGPTMan|/[0:0:0:0:0:0:0:1%0]:42154] <-> ServerConnector [lobby] has connected
[07:28:36] [Netty Worker IO Thread #1/INFO]: [JustinTheGPTMan] disconnected with: Proxy lost connection to server.
[07:28:36] [Netty Worker IO Thread #1/INFO]: [/[0:0:0:0:0:0:0:1%0]:42154|JustinTheGPTMan] <-> DownstreamBridge <-> [lobby] has disconnected
[07:28:36] [Netty Worker IO Thread #1/INFO]: [/[0:0:0:0:0:0:0:1%0]:42154|JustinTheGPTMan] -> UpstreamBridge has disconnected
[07:29:24] [Netty Worker IO Thread #0/INFO]: [mr_meow_meow] disconnected with: Proxy lost connection to server.
[07:29:24] [Netty Worker IO Thread #0/INFO]: [/[0:0:0:0:0:0:0:1%0]:33858|mr_meow_meow] <-> DownstreamBridge <-> [lobby] has disconnected
[07:29:24] [Netty Worker IO Thread #0/INFO]: [/[0:0:0:0:0:0:0:1%0]:33858|mr_meow_meow] -> UpstreamBridge has disconnected
[07:29:44] [Netty Worker IO Thread #3/INFO] [EaglercraftXBungee]: [/[0:0:0:0:0:0:0:1%0]:44362]: Connected via websocket
[07:29:44] [Netty Worker IO Thread #3/INFO] [EaglercraftXBungee]: [/[0:0:0:0:0:0:0:1%0]:44362]: Origin header is https://codebeautify.org
[07:29:44] [Netty Worker IO Thread #3/INFO] [EaglercraftXBungee]: [/[0:0:0:0:0:0:0:1%0]:44362]: Logged in as 'mr_meow_meow'
[07:29:44] [Netty Worker IO Thread #3/INFO]: [/[0:0:0:0:0:0:0:1%0]:44362|mr_meow_meow] -> UpstreamBridge has connected
[07:29:44] [Netty Worker IO Thread #3/INFO]: [mr_meow_meow|/[0:0:0:0:0:0:0:1%0]:44362] <-> ServerConnector [lobby] has connected
[07:30:27] [Netty Worker IO Thread #3/INFO]: [mr_meow_meow] disconnected with: Proxy lost connection to server.
[07:30:27] [Netty Worker IO Thread #3/INFO]: [/[0:0:0:0:0:0:0:1%0]:44362|mr_meow_meow] <-> DownstreamBridge <-> [lobby] has disconnected
[07:30:27] [Netty Worker IO Thread #3/INFO]: [/[0:0:0:0:0:0:0:1%0]:44362|mr_meow_meow] -> UpstreamBridge has disconnected
[07:31:28] [Netty Worker IO Thread #1/INFO] [EaglercraftXBungee]: [/[0:0:0:0:0:0:0:1%0]:39108]: Connected via websocket
[07:31:28] [Netty Worker IO Thread #1/INFO] [EaglercraftXBungee]: [/[0:0:0:0:0:0:0:1%0]:39108]: Origin header is https://codebeautify.org
[07:31:28] [Netty Worker IO Thread #1/INFO] [EaglercraftXBungee]: [/[0:0:0:0:0:0:0:1%0]:39108]: Logged in as 'mr_meow_meow'
[07:31:28] [Netty Worker IO Thread #1/INFO]: [/[0:0:0:0:0:0:0:1%0]:39108|mr_meow_meow] -> UpstreamBridge has connected
[07:31:28] [Netty Worker IO Thread #1/INFO]: [mr_meow_meow|/[0:0:0:0:0:0:0:1%0]:39108] <-> ServerConnector [lobby] has connected
[07:38:11] [Netty Worker IO Thread #2/INFO] [EaglercraftXBungee]: [/[0:0:0:0:0:0:0:1%0]:40240]: Connected via websocket
[07:38:11] [Netty Worker IO Thread #2/INFO] [EaglercraftXBungee]: [/[0:0:0:0:0:0:0:1%0]:40240]: Origin header is null
[07:38:11] [Netty Worker IO Thread #2/INFO] [EaglercraftXBungee]: [/[0:0:0:0:0:0:0:1%0]:40240]: Logged in as 'JustinTheGPTMan'
[07:38:11] [Netty Worker IO Thread #2/INFO]: [/[0:0:0:0:0:0:0:1%0]:40240|JustinTheGPTMan] -> UpstreamBridge has connected
[07:38:11] [Netty Worker IO Thread #2/INFO]: [JustinTheGPTMan|/[0:0:0:0:0:0:0:1%0]:40240] <-> ServerConnector [lobby] has connected
[07:41:00] [Netty Worker IO Thread #2/INFO]: [/[0:0:0:0:0:0:0:1%0]:40240|JustinTheGPTMan] -> UpstreamBridge has disconnected
[07:41:00] [Netty Worker IO Thread #2/INFO]: [JustinTheGPTMan] disconnected with: Proxy lost connection to server.
[07:41:00] [Netty Worker IO Thread #2/INFO]: [/[0:0:0:0:0:0:0:1%0]:40240|JustinTheGPTMan] <-> DownstreamBridge <-> [lobby] has disconnected
[07:43:40] [Netty Worker IO Thread #2/INFO]: [im_New] disconnected with: Proxy lost connection to server.
[07:43:40] [Netty Worker IO Thread #2/INFO]: [/[0:0:0:0:0:0:0:1%0]:44566|im_New] <-> DownstreamBridge <-> [lobby] has disconnected
[07:43:40] [Netty Worker IO Thread #2/INFO]: [/[0:0:0:0:0:0:0:1%0]:44566|im_New] -> UpstreamBridge has disconnected
[07:44:09] [Netty Worker IO Thread #0/INFO] [EaglercraftXBungee]: [/[0:0:0:0:0:0:0:1%0]:60968]: Connected via websocket
[07:44:09] [Netty Worker IO Thread #0/INFO] [EaglercraftXBungee]: [/[0:0:0:0:0:0:0:1%0]:60968]: Origin header is https://codebeautify.org
[07:44:09] [Netty Worker IO Thread #0/INFO] [EaglercraftXBungee]: [/[0:0:0:0:0:0:0:1%0]:60968]: Logged in as 'im_New'
[07:44:09] [Netty Worker IO Thread #0/INFO]: [/[0:0:0:0:0:0:0:1%0]:60968|im_New] -> UpstreamBridge has connected
[07:44:09] [Netty Worker IO Thread #0/INFO]: [im_New|/[0:0:0:0:0:0:0:1%0]:60968] <-> ServerConnector [lobby] has connected
[07:44:52] [Netty Worker IO Thread #1/INFO]: [/[0:0:0:0:0:0:0:1%0]:39108|mr_meow_meow] -> UpstreamBridge has disconnected
[07:44:52] [Netty Worker IO Thread #1/INFO]: [mr_meow_meow] disconnected with: Proxy lost connection to server.
[07:44:52] [Netty Worker IO Thread #1/INFO]: [/[0:0:0:0:0:0:0:1%0]:39108|mr_meow_meow] <-> DownstreamBridge <-> [lobby] has disconnected
[07:46:13] [Netty Worker IO Thread #3/INFO] [EaglercraftXBungee]: [/[0:0:0:0:0:0:0:1%0]:49102]: Connected via websocket
[07:46:13] [Netty Worker IO Thread #3/INFO] [EaglercraftXBungee]: [/[0:0:0:0:0:0:0:1%0]:49102]: Origin header is https://codebeautify.org
[07:46:14] [Netty Worker IO Thread #3/INFO] [EaglercraftXBungee]: [/[0:0:0:0:0:0:0:1%0]:49102]: Logged in as 'mr_meow_meow'
[07:46:14] [Netty Worker IO Thread #3/INFO]: [/[0:0:0:0:0:0:0:1%0]:49102|mr_meow_meow] -> UpstreamBridge has connected
[07:46:14] [Netty Worker IO Thread #3/INFO]: [mr_meow_meow|/[0:0:0:0:0:0:0:1%0]:49102] <-> ServerConnector [lobby] has connected
[07:46:42] [Netty Worker IO Thread #3/INFO]: [___] disconnected with: Proxy lost connection to server.
[07:46:42] [Netty Worker IO Thread #3/INFO]: [/[0:0:0:0:0:0:0:1%0]:56784|___] <-> DownstreamBridge <-> [lobby] has disconnected
[07:46:42] [Netty Worker IO Thread #3/INFO]: [/[0:0:0:0:0:0:0:1%0]:56784|___] -> UpstreamBridge has disconnected
[07:47:11] [Netty Worker IO Thread #0/INFO] [EaglercraftXBungee]: [/[0:0:0:0:0:0:0:1%0]:36016]: Connected via websocket
[07:47:11] [Netty Worker IO Thread #0/INFO] [EaglercraftXBungee]: [/[0:0:0:0:0:0:0:1%0]:36016]: Origin header is https://codebeautify.org
[07:47:11] [Netty Worker IO Thread #0/INFO] [EaglercraftXBungee]: [/[0:0:0:0:0:0:0:1%0]:36016]: Logged in as '___'
[07:47:11] [Netty Worker IO Thread #0/INFO]: [/[0:0:0:0:0:0:0:1%0]:36016|___] -> UpstreamBridge has connected
[07:47:11] [Netty Worker IO Thread #0/INFO]: [___|/[0:0:0:0:0:0:0:1%0]:36016] <-> ServerConnector [lobby] has connected
[07:48:06] [Netty Worker IO Thread #3/INFO]: [/[0:0:0:0:0:0:0:1%0]:49102|mr_meow_meow] -> UpstreamBridge has disconnected
[07:48:06] [Netty Worker IO Thread #3/INFO]: [mr_meow_meow] disconnected with: Proxy lost connection to server.
[07:48:06] [Netty Worker IO Thread #3/INFO]: [/[0:0:0:0:0:0:0:1%0]:49102|mr_meow_meow] <-> DownstreamBridge <-> [lobby] has disconnected
[07:48:13] [Netty Worker IO Thread #0/INFO]: [im_New] disconnected with: Proxy lost connection to server.
[07:48:13] [Netty Worker IO Thread #0/INFO]: [/[0:0:0:0:0:0:0:1%0]:60968|im_New] <-> DownstreamBridge <-> [lobby] has disconnected
[07:48:13] [Netty Worker IO Thread #0/INFO]: [/[0:0:0:0:0:0:0:1%0]:60968|im_New] -> UpstreamBridge has disconnected
[07:48:30] [Netty Worker IO Thread #3/INFO] [EaglercraftXBungee]: [/[0:0:0:0:0:0:0:1%0]:41444]: Connected via websocket
[07:48:30] [Netty Worker IO Thread #3/INFO] [EaglercraftXBungee]: [/[0:0:0:0:0:0:0:1%0]:41444]: Origin header is https://codebeautify.org
[07:48:31] [Netty Worker IO Thread #3/INFO] [EaglercraftXBungee]: [/[0:0:0:0:0:0:0:1%0]:41444]: Logged in as 'mr_meow_meow'
[07:48:31] [Netty Worker IO Thread #3/INFO]: [/[0:0:0:0:0:0:0:1%0]:41444|mr_meow_meow] -> UpstreamBridge has connected
[07:48:31] [Netty Worker IO Thread #3/INFO]: [mr_meow_meow|/[0:0:0:0:0:0:0:1%0]:41444] <-> ServerConnector [lobby] has connected
[07:48:47] [Netty Worker IO Thread #0/INFO]: [/[0:0:0:0:0:0:0:1%0]:36016|___] -> UpstreamBridge has disconnected
[07:48:47] [Netty Worker IO Thread #0/INFO]: [___] disconnected with: Proxy lost connection to server.
[07:48:47] [Netty Worker IO Thread #0/INFO]: [/[0:0:0:0:0:0:0:1%0]:36016|___] <-> DownstreamBridge <-> [lobby] has disconnected
[07:48:55] [Netty Worker IO Thread #1/INFO] [EaglercraftXBungee]: [/[0:0:0:0:0:0:0:1%0]:59808]: Connected via websocket
[07:48:55] [Netty Worker IO Thread #1/INFO] [EaglercraftXBungee]: [/[0:0:0:0:0:0:0:1%0]:59808]: Origin header is https://codebeautify.org
[07:48:55] [Netty Worker IO Thread #1/INFO] [EaglercraftXBungee]: [/[0:0:0:0:0:0:0:1%0]:59808]: Logged in as 'im_New'
[07:48:55] [Netty Worker IO Thread #1/INFO]: [/[0:0:0:0:0:0:0:1%0]:59808|im_New] -> UpstreamBridge has connected
[07:48:55] [Netty Worker IO Thread #1/INFO]: [im_New|/[0:0:0:0:0:0:0:1%0]:59808] <-> ServerConnector [lobby] has connected
[07:49:01] [Netty Worker IO Thread #3/INFO]: [mr_meow_meow] disconnected with: Server closed
[07:49:01] [Netty Worker IO Thread #3/INFO]: [/[0:0:0:0:0:0:0:1%0]:41444|mr_meow_meow] -> UpstreamBridge has disconnected
[07:49:01] [Netty Worker IO Thread #3/INFO]: [/[0:0:0:0:0:0:0:1%0]:41444|mr_meow_meow] <-> DownstreamBridge <-> [lobby] has disconnected
[07:49:01] [Netty Worker IO Thread #1/WARN]: [/[0:0:0:0:0:0:0:1%0]:59808|im_New] <-> DownstreamBridge <-> [lobby] - NativeIoException: recvAddress(..) failed: Connection reset by peer
[07:49:01] [Netty Worker IO Thread #1/INFO]: [im_New] disconnected with: The server you were previously on went down, you have been connected to a fallback server
[07:49:01] [Netty Worker IO Thread #1/INFO]: [/[0:0:0:0:0:0:0:1%0]:59808|im_New] -> UpstreamBridge has disconnected
[07:49:01] [Netty Worker IO Thread #1/INFO]: [/[0:0:0:0:0:0:0:1%0]:59808|im_New] <-> DownstreamBridge <-> [lobby] has disconnected
[07:49:04] [Shutdown Thread/INFO]: Closing listener [id: 0xafe2f4e4, L:/127.0.0.1:25578]
[07:49:04] [Shutdown Thread/INFO]: Closing pending connections
[07:49:04] [Shutdown Thread/INFO]: Disconnecting 0 connections
[07:49:04] [Shutdown Thread/INFO]: Disabling plugins
[07:49:04] [Shutdown Thread/INFO] [EaglercraftXBungee]: Eaglercraft listener closed: /0.0.0.0:8081
[07:49:04] [Shutdown Thread/INFO] [EaglercraftXBungee]: Successfully disconnected from database 'jdbc:sqlite:eaglercraft_skins_cache.db'
[07:49:04] [Shutdown Thread/INFO] [EaglercraftXBungee]: Stopping skin cache HTTP client...
[07:49:06] [Shutdown Thread/INFO]: Closing IO threads
[07:49:08] [Shutdown Thread/INFO]: Thank you and goodbye
