[14:28:24] [main/INFO]: Using mbed TLS based native cipher.
[14:28:24] [main/INFO]: Using zlib based native compressor.
[14:28:24] [main/INFO]: Enabled Waterfall version git:Waterfall-Bootstrap:1.19-R0.1-SNAPSHOT:f6069e2:513
[14:28:24] [main/INFO]: Not on Windows, attempting to use enhanced EpollEventLoop
[14:28:24] [main/INFO]: Epoll is working, utilising it!
[14:28:24] [main/INFO]: Discovered module: ModuleSpec(name=cmd_alert, file=modules/cmd_alert.jar, provider=JenkinsModuleSource())
[14:28:24] [main/INFO]: Discovered module: ModuleSpec(name=cmd_find, file=modules/cmd_find.jar, provider=JenkinsModuleSource())
[14:28:24] [main/INFO]: Discovered module: ModuleSpec(name=cmd_list, file=modules/cmd_list.jar, provider=JenkinsModuleSource())
[14:28:24] [main/INFO]: Discovered module: ModuleSpec(name=cmd_send, file=modules/cmd_send.jar, provider=JenkinsModuleSource())
[14:28:24] [main/INFO]: Discovered module: ModuleSpec(name=cmd_server, file=modules/cmd_server.jar, provider=JenkinsModuleSource())
[14:28:24] [main/INFO]: Discovered module: ModuleSpec(name=reconnect_yaml, file=modules/reconnect_yaml.jar, provider=JenkinsModuleSource())
[14:28:25] [main/INFO]: Loaded plugin reconnect_yaml version git:reconnect_yaml:1.19-R0.1-SNAPSHOT:f6069e2:513 by WaterfallMC
[14:28:25] [main/INFO]: Loaded plugin cmd_find version git:cmd_find:1.19-R0.1-SNAPSHOT:f6069e2:513 by WaterfallMC
[14:28:25] [main/INFO]: Loaded plugin cmd_server version git:cmd_server:1.19-R0.1-SNAPSHOT:f6069e2:513 by WaterfallMC
[14:28:25] [main/INFO]: Loaded plugin cmd_alert version git:cmd_alert:1.19-R0.1-SNAPSHOT:f6069e2:513 by WaterfallMC
[14:28:25] [main/INFO]: Loaded plugin cmd_send version git:cmd_send:1.19-R0.1-SNAPSHOT:f6069e2:513 by WaterfallMC
[14:28:25] [main/INFO]: Loaded plugin cmd_list version git:cmd_list:1.19-R0.1-SNAPSHOT:f6069e2:513 by WaterfallMC
[14:28:25] [main/WARN]: :>:>:>:>:>:>:>:>:>:>:>:>:>:>:>:>:>:>:>:>:>:>:>
[14:28:25] [main/WARN]: :>  
[14:28:25] [main/WARN]: :>      EAGLERCRAFTXBUNGEE WARNING:
[14:28:25] [main/WARN]: :>  
[14:28:25] [main/WARN]: :>  This plugin wasn't tested to be 'working'
[14:28:25] [main/WARN]: :>  with ANY version of BungeeCord (and forks)
[14:28:25] [main/WARN]: :>  apart from the versions listed below:
[14:28:25] [main/WARN]: :>  
[14:28:25] [main/WARN]: :>  - BungeeCord: 1.21-R0.1-SNAPSHOT:8a88ce4:1849
[14:28:25] [main/WARN]: :>  - Waterfall: 1.21-R0.1-SNAPSHOT:de8345a:579
[14:28:25] [main/WARN]: :>  
[14:28:25] [main/WARN]: :>  This is not a Bukkit/Spigot plugin!
[14:28:25] [main/WARN]: :>  
[14:28:25] [main/WARN]: :>  Use "-Deaglerxbungee.stfu=true" to hide
[14:28:25] [main/WARN]: :>  
[14:28:25] [main/WARN]: :>:>:>:>:>:>:>:>:>:>:>:>:>:>:>:>:>:>:>:>:>:>:>
[14:28:25] [main/INFO] [EaglercraftXBungee]: Loading vanilla profile: lax1dude
[14:28:27] [Skin Download Thread #1/INFO] [EaglercraftXBungee]: Loaded vanilla profile: lax1dude
[14:28:27] [main/INFO]: Loaded plugin EaglercraftXBungee version 1.3.1 by lax1dude
[14:28:27] [main/WARN]: Forced host server pvp is not defined
[14:28:27] [main/INFO]: Enabled plugin reconnect_yaml version git:reconnect_yaml:1.19-R0.1-SNAPSHOT:f6069e2:513 by WaterfallMC
[14:28:27] [main/INFO]: Enabled plugin cmd_find version git:cmd_find:1.19-R0.1-SNAPSHOT:f6069e2:513 by WaterfallMC
[14:28:27] [main/INFO]: Enabled plugin cmd_server version git:cmd_server:1.19-R0.1-SNAPSHOT:f6069e2:513 by WaterfallMC
[14:28:27] [main/INFO]: Enabled plugin cmd_alert version git:cmd_alert:1.19-R0.1-SNAPSHOT:f6069e2:513 by WaterfallMC
[14:28:27] [main/INFO]: Enabled plugin cmd_send version git:cmd_send:1.19-R0.1-SNAPSHOT:f6069e2:513 by WaterfallMC
[14:28:27] [main/INFO]: Enabled plugin cmd_list version git:cmd_list:1.19-R0.1-SNAPSHOT:f6069e2:513 by WaterfallMC
[14:28:27] [main/ERROR] [EaglercraftXBungee]: Online mode is set to false! Authentication system has been disabled
[14:28:27] [Netty Boss IO Thread #0/INFO] [EaglercraftXBungee]: Eaglercraft is listening on: /0.0.0.0:8081
[14:28:28] [main/INFO] [EaglercraftXBungee]: Connected to database: jdbc:sqlite:eaglercraft_skins_cache.db
[14:28:28] [main/INFO] [EaglercraftXBungee]: Voice chat disabled, add "allow_voice: true" to your listeners to enable
[14:28:28] [main/INFO]: Enabled plugin EaglercraftXBungee version 1.3.1 by lax1dude
[14:28:28] [Netty Boss IO Thread #1/INFO]: Listening on /127.0.0.1:25577
[14:28:28] [EaglerXBungee: Network Tick Tasks/INFO] [EaglercraftXBungee]: Loaded certificate: /workspaces/base-vm/java2/bungee/plugins/EaglercraftXBungee/eagcert/$dl.6a314f63448f669bee13950455200751edda2564.cert
[14:28:48] [Netty Worker IO Thread #1/INFO] [EaglercraftXBungee]: [/[0:0:0:0:0:0:0:1%0]:49964]: Connected via websocket
[14:28:48] [Netty Worker IO Thread #1/INFO] [EaglercraftXBungee]: [/[0:0:0:0:0:0:0:1%0]:49964]: Origin header is https://justincodingprojects.is-not-a.dev
[14:28:48] [Netty Worker IO Thread #1/INFO] [EaglercraftXBungee]: [/[0:0:0:0:0:0:0:1%0]:49964]: Logged in as 'mr_meow_meow'
[14:28:48] [Netty Worker IO Thread #1/INFO]: [/[0:0:0:0:0:0:0:1%0]:49964|mr_meow_meow] -> UpstreamBridge has connected
[14:28:49] [Netty Worker IO Thread #1/WARN]: Plugin listener net.lax1dude.eaglercraft.v1_8.plugin.gateway_bungeecord.handlers.EaglerPacketEventListener took 541ms to process event PostLoginEvent(player=mr_meow_meow)!
[14:28:49] [Netty Worker IO Thread #1/WARN]: Event PostLoginEvent(player=mr_meow_meow) took 542ms to process!
[14:28:49] [Netty Worker IO Thread #1/WARN]: Event LoginEvent(cancelled=false, cancelReasonComponents=null, loginResult=null, connection=[/[0:0:0:0:0:0:0:1%0]:49964|mr_meow_meow] <-> InitialHandler) took 629ms to process!
[14:28:49] [Netty Worker IO Thread #1/WARN]: Event PreLoginEvent(cancelled=false, cancelReasonComponents=null, connection=[/[0:0:0:0:0:0:0:1%0]:49964|mr_meow_meow] <-> InitialHandler) took 629ms to process!
[14:28:49] [Netty Worker IO Thread #1/INFO]: [mr_meow_meow|/[0:0:0:0:0:0:0:1%0]:49964] <-> ServerConnector [lobby] has connected
[14:29:15] [Netty Worker IO Thread #3/INFO] [EaglercraftXBungee]: [/[0:0:0:0:0:0:0:1%0]:44192]: Connected via websocket
[14:29:15] [Netty Worker IO Thread #3/INFO] [EaglercraftXBungee]: [/[0:0:0:0:0:0:0:1%0]:44192]: Origin header is https://justincodingprojects.is-not-a.dev
[14:29:15] [Netty Worker IO Thread #3/INFO] [EaglercraftXBungee]: [/[0:0:0:0:0:0:0:1%0]:44192]: Logged in as 'Radium'
[14:29:15] [Netty Worker IO Thread #3/INFO]: [/[0:0:0:0:0:0:0:1%0]:44192|Radium] -> UpstreamBridge has connected
[14:29:15] [Netty Worker IO Thread #3/INFO]: [Radium|/[0:0:0:0:0:0:0:1%0]:44192] <-> ServerConnector [lobby] has connected
[14:29:57] [Netty Worker IO Thread #1/INFO]: [/[0:0:0:0:0:0:0:1%0]:49964|mr_meow_meow] -> UpstreamBridge has disconnected
[14:29:57] [Netty Worker IO Thread #1/INFO]: [mr_meow_meow] disconnected with: Proxy lost connection to server.
[14:29:57] [Netty Worker IO Thread #1/INFO]: [/[0:0:0:0:0:0:0:1%0]:49964|mr_meow_meow] <-> DownstreamBridge <-> [lobby] has disconnected
[14:30:02] [Netty Worker IO Thread #2/INFO] [EaglercraftXBungee]: [/[0:0:0:0:0:0:0:1%0]:47418]: Connected via websocket
[14:30:02] [Netty Worker IO Thread #2/INFO] [EaglercraftXBungee]: [/[0:0:0:0:0:0:0:1%0]:47418]: Origin header is null
[14:30:02] [Netty Worker IO Thread #2/INFO] [EaglercraftXBungee]: [/[0:0:0:0:0:0:0:1%0]:47418]: Logged in as 'JustinTheGPTMan'
[14:30:02] [Netty Worker IO Thread #2/INFO]: [/[0:0:0:0:0:0:0:1%0]:47418|JustinTheGPTMan] -> UpstreamBridge has connected
[14:30:02] [Netty Worker IO Thread #2/INFO]: [JustinTheGPTMan|/[0:0:0:0:0:0:0:1%0]:47418] <-> ServerConnector [lobby] has connected
[14:31:48] [Netty Worker IO Thread #1/INFO] [EaglercraftXBungee]: [/[0:0:0:0:0:0:0:1%0]:34018]: Connected via websocket
[14:31:48] [Netty Worker IO Thread #1/INFO] [EaglercraftXBungee]: [/[0:0:0:0:0:0:0:1%0]:34018]: Origin header is https://justincodingprojects.is-not-a.dev
[14:31:48] [Netty Worker IO Thread #1/INFO] [EaglercraftXBungee]: [/[0:0:0:0:0:0:0:1%0]:34018]: Logged in as 'im_new'
[14:31:48] [Netty Worker IO Thread #1/INFO]: [/[0:0:0:0:0:0:0:1%0]:34018|im_new] -> UpstreamBridge has connected
[14:31:48] [Netty Worker IO Thread #1/INFO]: [im_new|/[0:0:0:0:0:0:0:1%0]:34018] <-> ServerConnector [lobby] has connected
[14:37:05] [Netty Worker IO Thread #1/INFO]: [/[0:0:0:0:0:0:0:1%0]:34018|im_new] -> UpstreamBridge has disconnected
[14:37:05] [Netty Worker IO Thread #1/INFO]: [im_new] disconnected with: Proxy lost connection to server.
[14:37:05] [Netty Worker IO Thread #1/INFO]: [/[0:0:0:0:0:0:0:1%0]:34018|im_new] <-> DownstreamBridge <-> [lobby] has disconnected
[14:43:00] [Netty Worker IO Thread #2/INFO]: [/[0:0:0:0:0:0:0:1%0]:47418|JustinTheGPTMan] -> UpstreamBridge has disconnected
[14:43:00] [Netty Worker IO Thread #2/INFO]: [JustinTheGPTMan] disconnected with: Proxy lost connection to server.
[14:43:00] [Netty Worker IO Thread #2/INFO]: [/[0:0:0:0:0:0:0:1%0]:47418|JustinTheGPTMan] <-> DownstreamBridge <-> [lobby] has disconnected
[14:45:59] [Netty Worker IO Thread #3/INFO]: [/[0:0:0:0:0:0:0:1%0]:44192|Radium] -> UpstreamBridge has disconnected
[14:45:59] [Netty Worker IO Thread #3/INFO]: [Radium] disconnected with: Proxy lost connection to server.
[14:45:59] [Netty Worker IO Thread #3/INFO]: [/[0:0:0:0:0:0:0:1%0]:44192|Radium] <-> DownstreamBridge <-> [lobby] has disconnected
[14:46:29] [Netty Worker IO Thread #1/INFO] [EaglercraftXBungee]: [/[0:0:0:0:0:0:0:1%0]:50752]: Connected via websocket
[14:46:29] [Netty Worker IO Thread #1/INFO] [EaglercraftXBungee]: [/[0:0:0:0:0:0:0:1%0]:50752]: Origin header is https://justincodingprojects.is-not-a.dev
[14:46:29] [Netty Worker IO Thread #1/INFO] [EaglercraftXBungee]: [/[0:0:0:0:0:0:0:1%0]:50752]: Logged in as 'Radium'
[14:46:29] [Netty Worker IO Thread #1/INFO]: [/[0:0:0:0:0:0:0:1%0]:50752|Radium] -> UpstreamBridge has connected
[14:46:29] [Netty Worker IO Thread #1/INFO]: [Radium|/[0:0:0:0:0:0:0:1%0]:50752] <-> ServerConnector [lobby] has connected
[14:47:42] [Netty Worker IO Thread #2/INFO] [EaglercraftXBungee]: [/[0:0:0:0:0:0:0:1%0]:51088]: Connected via websocket
[14:47:42] [Netty Worker IO Thread #2/INFO] [EaglercraftXBungee]: [/[0:0:0:0:0:0:0:1%0]:51088]: Origin header is https://justincodingprojects.is-not-a.dev
[14:47:42] [Netty Worker IO Thread #2/INFO] [EaglercraftXBungee]: [/[0:0:0:0:0:0:0:1%0]:51088]: Logged in as 'mr_meow_meow'
[14:47:42] [Netty Worker IO Thread #2/INFO]: [/[0:0:0:0:0:0:0:1%0]:51088|mr_meow_meow] -> UpstreamBridge has connected
[14:47:42] [Netty Worker IO Thread #2/INFO]: [mr_meow_meow|/[0:0:0:0:0:0:0:1%0]:51088] <-> ServerConnector [lobby] has connected
[14:49:20] [Netty Worker IO Thread #2/INFO]: [mr_meow_meow] disconnected with: Illegal stance
[14:49:20] [Netty Worker IO Thread #2/INFO]: [/[0:0:0:0:0:0:0:1%0]:51088|mr_meow_meow] -> UpstreamBridge has disconnected
[14:49:20] [Netty Worker IO Thread #2/INFO]: [/[0:0:0:0:0:0:0:1%0]:51088|mr_meow_meow] <-> DownstreamBridge <-> [lobby] has disconnected
[14:49:25] [Netty Worker IO Thread #0/INFO] [EaglercraftXBungee]: [/[0:0:0:0:0:0:0:1%0]:50862]: Connected via websocket
[14:49:25] [Netty Worker IO Thread #0/INFO] [EaglercraftXBungee]: [/[0:0:0:0:0:0:0:1%0]:50862]: Origin header is https://justincodingprojects.is-not-a.dev
[14:49:25] [Netty Worker IO Thread #0/INFO] [EaglercraftXBungee]: [/[0:0:0:0:0:0:0:1%0]:50862]: Logged in as 'mr_meow_meow'
[14:49:25] [Netty Worker IO Thread #0/INFO]: [/[0:0:0:0:0:0:0:1%0]:50862|mr_meow_meow] -> UpstreamBridge has connected
[14:49:25] [Netty Worker IO Thread #0/INFO]: [mr_meow_meow|/[0:0:0:0:0:0:0:1%0]:50862] <-> ServerConnector [lobby] has connected
[14:49:32] [Netty Worker IO Thread #0/INFO]: [/[0:0:0:0:0:0:0:1%0]:50862|mr_meow_meow] -> UpstreamBridge has disconnected
[14:49:32] [Netty Worker IO Thread #0/INFO]: [mr_meow_meow] disconnected with: Proxy lost connection to server.
[14:49:32] [Netty Worker IO Thread #0/INFO]: [/[0:0:0:0:0:0:0:1%0]:50862|mr_meow_meow] <-> DownstreamBridge <-> [lobby] has disconnected
[14:54:47] [Netty Worker IO Thread #1/INFO] [EaglercraftXBungee]: [/[0:0:0:0:0:0:0:1%0]:50988]: Connected via websocket
[14:54:47] [Netty Worker IO Thread #1/INFO] [EaglercraftXBungee]: [/[0:0:0:0:0:0:0:1%0]:50988]: Origin header is https://justincodingprojects.is-not-a.dev
[14:54:47] [Netty Worker IO Thread #1/INFO] [EaglercraftXBungee]: [/[0:0:0:0:0:0:0:1%0]:50988]: Logged in as 'mr_meow_meow'
[14:54:47] [Netty Worker IO Thread #1/INFO]: [/[0:0:0:0:0:0:0:1%0]:50988|mr_meow_meow] -> UpstreamBridge has connected
[14:54:47] [Netty Worker IO Thread #1/INFO]: [mr_meow_meow|/[0:0:0:0:0:0:0:1%0]:50988] <-> ServerConnector [lobby] has connected
[14:55:40] [Netty Worker IO Thread #1/INFO]: [/[0:0:0:0:0:0:0:1%0]:50988|mr_meow_meow] -> UpstreamBridge has disconnected
[14:55:40] [Netty Worker IO Thread #1/INFO]: [mr_meow_meow] disconnected with: Proxy lost connection to server.
[14:55:40] [Netty Worker IO Thread #1/INFO]: [/[0:0:0:0:0:0:0:1%0]:50988|mr_meow_meow] <-> DownstreamBridge <-> [lobby] has disconnected
[14:57:39] [Netty Worker IO Thread #0/INFO] [EaglercraftXBungee]: [/[0:0:0:0:0:0:0:1%0]:48420]: Connected via websocket
[14:57:39] [Netty Worker IO Thread #0/INFO] [EaglercraftXBungee]: [/[0:0:0:0:0:0:0:1%0]:48420]: Origin header is null
[14:57:39] [Netty Worker IO Thread #0/INFO] [EaglercraftXBungee]: [/[0:0:0:0:0:0:0:1%0]:48420]: Logged in as 'JustinTheGPTMan'
[14:57:39] [Netty Worker IO Thread #0/INFO]: [/[0:0:0:0:0:0:0:1%0]:48420|JustinTheGPTMan] -> UpstreamBridge has connected
[14:57:39] [Netty Worker IO Thread #0/INFO]: [JustinTheGPTMan|/[0:0:0:0:0:0:0:1%0]:48420] <-> ServerConnector [lobby] has connected
[14:57:53] [Netty Worker IO Thread #1/INFO] [EaglercraftXBungee]: [/[0:0:0:0:0:0:0:1%0]:37668]: Connected via websocket
[14:57:53] [Netty Worker IO Thread #1/INFO] [EaglercraftXBungee]: [/[0:0:0:0:0:0:0:1%0]:37668]: Origin header is https://justincodingprojects.is-not-a.dev
[14:57:53] [Netty Worker IO Thread #1/INFO] [EaglercraftXBungee]: [/[0:0:0:0:0:0:0:1%0]:37668]: Logged in as 'mr_meow_meow'
[14:57:53] [Netty Worker IO Thread #1/INFO]: [/[0:0:0:0:0:0:0:1%0]:37668|mr_meow_meow] -> UpstreamBridge has connected
[14:57:53] [Netty Worker IO Thread #1/INFO]: [mr_meow_meow|/[0:0:0:0:0:0:0:1%0]:37668] <-> ServerConnector [lobby] has connected
[14:59:01] [Netty Worker IO Thread #1/INFO]: [/[0:0:0:0:0:0:0:1%0]:50752|Radium] -> UpstreamBridge has disconnected
[14:59:01] [Netty Worker IO Thread #1/INFO]: [Radium] disconnected with: Proxy lost connection to server.
[14:59:01] [Netty Worker IO Thread #1/INFO]: [/[0:0:0:0:0:0:0:1%0]:50752|Radium] <-> DownstreamBridge <-> [lobby] has disconnected
[14:59:04] [Netty Worker IO Thread #0/INFO]: [/[0:0:0:0:0:0:0:1%0]:48420|JustinTheGPTMan] -> UpstreamBridge has disconnected
[14:59:04] [Netty Worker IO Thread #0/INFO]: [JustinTheGPTMan] disconnected with: Proxy lost connection to server.
[14:59:04] [Netty Worker IO Thread #0/INFO]: [/[0:0:0:0:0:0:0:1%0]:48420|JustinTheGPTMan] <-> DownstreamBridge <-> [lobby] has disconnected
[14:59:48] [Netty Worker IO Thread #1/INFO]: [/[0:0:0:0:0:0:0:1%0]:37668|mr_meow_meow] -> UpstreamBridge has disconnected
[14:59:48] [Netty Worker IO Thread #1/INFO]: [mr_meow_meow] disconnected with: Proxy lost connection to server.
[14:59:48] [Netty Worker IO Thread #1/INFO]: [/[0:0:0:0:0:0:0:1%0]:37668|mr_meow_meow] <-> DownstreamBridge <-> [lobby] has disconnected
[15:01:36] [Netty Worker IO Thread #3/INFO] [EaglercraftXBungee]: [/[0:0:0:0:0:0:0:1%0]:35526]: Connected via websocket
[15:01:36] [Netty Worker IO Thread #3/INFO] [EaglercraftXBungee]: [/[0:0:0:0:0:0:0:1%0]:35526]: Origin header is https://justincodingprojects.is-not-a.dev
[15:01:36] [Netty Worker IO Thread #3/INFO] [EaglercraftXBungee]: [/[0:0:0:0:0:0:0:1%0]:35526]: Logged in as 'mr_meow_meow'
[15:01:36] [Netty Worker IO Thread #3/INFO]: [/[0:0:0:0:0:0:0:1%0]:35526|mr_meow_meow] -> UpstreamBridge has connected
[15:01:36] [Netty Worker IO Thread #3/INFO]: [mr_meow_meow|/[0:0:0:0:0:0:0:1%0]:35526] <-> ServerConnector [lobby] has connected
[15:04:15] [Netty Worker IO Thread #3/INFO]: [/[0:0:0:0:0:0:0:1%0]:35526|mr_meow_meow] -> UpstreamBridge has disconnected
[15:04:15] [Netty Worker IO Thread #3/INFO]: [mr_meow_meow] disconnected with: Proxy lost connection to server.
[15:04:15] [Netty Worker IO Thread #3/INFO]: [/[0:0:0:0:0:0:0:1%0]:35526|mr_meow_meow] <-> DownstreamBridge <-> [lobby] has disconnected
[15:05:38] [Netty Worker IO Thread #1/INFO] [EaglercraftXBungee]: [/[0:0:0:0:0:0:0:1%0]:37774]: Connected via websocket
[15:05:38] [Netty Worker IO Thread #1/INFO] [EaglercraftXBungee]: [/[0:0:0:0:0:0:0:1%0]:37774]: Origin header is https://justincodingprojects.is-not-a.dev
[15:05:39] [Netty Worker IO Thread #1/INFO] [EaglercraftXBungee]: [/[0:0:0:0:0:0:0:1%0]:37774]: Logged in as 'mr_meow_meow'
[15:05:39] [Netty Worker IO Thread #1/INFO]: [/[0:0:0:0:0:0:0:1%0]:37774|mr_meow_meow] -> UpstreamBridge has connected
[15:05:39] [Netty Worker IO Thread #1/INFO]: [mr_meow_meow|/[0:0:0:0:0:0:0:1%0]:37774] <-> ServerConnector [lobby] has connected
[15:06:48] [Netty Worker IO Thread #1/INFO]: [/[0:0:0:0:0:0:0:1%0]:37774|mr_meow_meow] -> UpstreamBridge has disconnected
[15:06:48] [Netty Worker IO Thread #1/INFO]: [mr_meow_meow] disconnected with: Proxy lost connection to server.
[15:06:48] [Netty Worker IO Thread #1/INFO]: [/[0:0:0:0:0:0:0:1%0]:37774|mr_meow_meow] <-> DownstreamBridge <-> [lobby] has disconnected
[15:07:32] [Netty Worker IO Thread #0/INFO] [EaglercraftXBungee]: [/[0:0:0:0:0:0:0:1%0]:53910]: Connected via websocket
[15:07:32] [Netty Worker IO Thread #0/INFO] [EaglercraftXBungee]: [/[0:0:0:0:0:0:0:1%0]:53910]: Origin header is https://justincodingprojects.is-not-a.dev
[15:07:32] [Netty Worker IO Thread #0/INFO] [EaglercraftXBungee]: [/[0:0:0:0:0:0:0:1%0]:53910]: Logged in as 'mr_meow_meow'
[15:07:32] [Netty Worker IO Thread #0/INFO]: [/[0:0:0:0:0:0:0:1%0]:53910|mr_meow_meow] -> UpstreamBridge has connected
[15:07:32] [Netty Worker IO Thread #0/INFO]: [mr_meow_meow|/[0:0:0:0:0:0:0:1%0]:53910] <-> ServerConnector [lobby] has connected
[15:14:34] [Netty Worker IO Thread #3/INFO] [EaglercraftXBungee]: [/[0:0:0:0:0:0:0:1%0]:34202]: Connected via websocket
[15:14:34] [Netty Worker IO Thread #3/INFO] [EaglercraftXBungee]: [/[0:0:0:0:0:0:0:1%0]:34202]: Origin header is null
[15:14:35] [Netty Worker IO Thread #3/INFO] [EaglercraftXBungee]: [/[0:0:0:0:0:0:0:1%0]:34202]: Logged in as 'JustinTheGPTMan'
[15:14:35] [Netty Worker IO Thread #3/INFO]: [/[0:0:0:0:0:0:0:1%0]:34202|JustinTheGPTMan] -> UpstreamBridge has connected
[15:14:35] [Netty Worker IO Thread #3/INFO]: [JustinTheGPTMan|/[0:0:0:0:0:0:0:1%0]:34202] <-> ServerConnector [lobby] has connected
[15:16:19] [Netty Worker IO Thread #0/INFO] [EaglercraftXBungee]: [/[0:0:0:0:0:0:0:1%0]:49684]: Connected via websocket
[15:16:19] [Netty Worker IO Thread #0/INFO] [EaglercraftXBungee]: [/[0:0:0:0:0:0:0:1%0]:49684]: Origin header is https://justincodingprojects.is-not-a.dev
[15:16:20] [Netty Worker IO Thread #0/INFO] [EaglercraftXBungee]: [/[0:0:0:0:0:0:0:1%0]:49684]: Logged in as '___'
[15:16:20] [Netty Worker IO Thread #0/INFO]: [/[0:0:0:0:0:0:0:1%0]:49684|___] -> UpstreamBridge has connected
[15:16:20] [Netty Worker IO Thread #0/INFO]: [___|/[0:0:0:0:0:0:0:1%0]:49684] <-> ServerConnector [lobby] has connected
[15:18:36] [Netty Worker IO Thread #0/INFO]: [___] disconnected with: Proxy lost connection to server.
[15:18:36] [Netty Worker IO Thread #0/INFO]: [/[0:0:0:0:0:0:0:1%0]:49684|___] <-> DownstreamBridge <-> [lobby] has disconnected
[15:18:36] [Netty Worker IO Thread #0/INFO]: [/[0:0:0:0:0:0:0:1%0]:49684|___] -> UpstreamBridge has disconnected
[15:19:16] [Netty Worker IO Thread #2/INFO] [EaglercraftXBungee]: [/[0:0:0:0:0:0:0:1%0]:60152]: Connected via websocket
[15:19:16] [Netty Worker IO Thread #2/INFO] [EaglercraftXBungee]: [/[0:0:0:0:0:0:0:1%0]:60152]: Origin header is https://justincodingprojects.is-not-a.dev
[15:19:16] [Netty Worker IO Thread #2/INFO] [EaglercraftXBungee]: [/[0:0:0:0:0:0:0:1%0]:60152]: Logged in as '___'
[15:19:16] [Netty Worker IO Thread #2/INFO]: [/[0:0:0:0:0:0:0:1%0]:60152|___] -> UpstreamBridge has connected
[15:19:16] [Netty Worker IO Thread #2/INFO]: [___|/[0:0:0:0:0:0:0:1%0]:60152] <-> ServerConnector [lobby] has connected
[15:19:35] [Netty Worker IO Thread #2/INFO]: [/[0:0:0:0:0:0:0:1%0]:60152|___] -> UpstreamBridge has disconnected
[15:19:35] [Netty Worker IO Thread #2/INFO]: [___] disconnected with: Proxy lost connection to server.
[15:19:35] [Netty Worker IO Thread #2/INFO]: [/[0:0:0:0:0:0:0:1%0]:60152|___] <-> DownstreamBridge <-> [lobby] has disconnected
[15:19:46] [Netty Worker IO Thread #1/INFO] [EaglercraftXBungee]: [/[0:0:0:0:0:0:0:1%0]:49076]: Connected via websocket
[15:19:46] [Netty Worker IO Thread #1/INFO] [EaglercraftXBungee]: [/[0:0:0:0:0:0:0:1%0]:49076]: Origin header is https://justincodingprojects.is-not-a.dev
[15:19:46] [Netty Worker IO Thread #1/INFO] [EaglercraftXBungee]: [/[0:0:0:0:0:0:0:1%0]:49076]: Logged in as '____'
[15:19:46] [Netty Worker IO Thread #1/INFO]: [/[0:0:0:0:0:0:0:1%0]:49076|____] -> UpstreamBridge has connected
[15:19:46] [Netty Worker IO Thread #1/INFO]: [____|/[0:0:0:0:0:0:0:1%0]:49076] <-> ServerConnector [lobby] has connected
[15:20:38] [Netty Worker IO Thread #1/INFO]: [/[0:0:0:0:0:0:0:1%0]:49076|____] -> UpstreamBridge has disconnected
[15:20:38] [Netty Worker IO Thread #1/INFO]: [____] disconnected with: Proxy lost connection to server.
[15:20:38] [Netty Worker IO Thread #1/INFO]: [/[0:0:0:0:0:0:0:1%0]:49076|____] <-> DownstreamBridge <-> [lobby] has disconnected
[15:20:46] [Netty Worker IO Thread #0/INFO] [EaglercraftXBungee]: [/[0:0:0:0:0:0:0:1%0]:45596]: Connected via websocket
[15:20:46] [Netty Worker IO Thread #0/INFO] [EaglercraftXBungee]: [/[0:0:0:0:0:0:0:1%0]:45596]: Origin header is https://justincodingprojects.is-not-a.dev
[15:20:46] [Netty Worker IO Thread #0/INFO] [EaglercraftXBungee]: [/[0:0:0:0:0:0:0:1%0]:45596]: Logged in as '___'
[15:20:46] [Netty Worker IO Thread #0/INFO]: [/[0:0:0:0:0:0:0:1%0]:45596|___] -> UpstreamBridge has connected
[15:20:46] [Netty Worker IO Thread #0/INFO]: [___|/[0:0:0:0:0:0:0:1%0]:45596] <-> ServerConnector [lobby] has connected
[15:22:11] [Netty Worker IO Thread #3/INFO]: [/[0:0:0:0:0:0:0:1%0]:34202|JustinTheGPTMan] -> UpstreamBridge has disconnected
[15:22:11] [Netty Worker IO Thread #3/INFO]: [JustinTheGPTMan] disconnected with: Proxy lost connection to server.
[15:22:11] [Netty Worker IO Thread #3/INFO]: [/[0:0:0:0:0:0:0:1%0]:34202|JustinTheGPTMan] <-> DownstreamBridge <-> [lobby] has disconnected
[15:22:14] [Netty Worker IO Thread #0/INFO]: [/[0:0:0:0:0:0:0:1%0]:45596|___] -> UpstreamBridge has disconnected
[15:22:14] [Netty Worker IO Thread #0/INFO]: [___] disconnected with: Proxy lost connection to server.
[15:22:14] [Netty Worker IO Thread #0/INFO]: [/[0:0:0:0:0:0:0:1%0]:45596|___] <-> DownstreamBridge <-> [lobby] has disconnected
[15:25:43] [Netty Worker IO Thread #3/INFO] [EaglercraftXBungee]: [/[0:0:0:0:0:0:0:1%0]:34842]: Connected via websocket
[15:25:43] [Netty Worker IO Thread #3/INFO] [EaglercraftXBungee]: [/[0:0:0:0:0:0:0:1%0]:34842]: Origin header is https://justincodingprojects.is-not-a.dev
[15:25:43] [Netty Worker IO Thread #3/INFO] [EaglercraftXBungee]: [/[0:0:0:0:0:0:0:1%0]:34842]: Logged in as 'Radium'
[15:25:43] [Netty Worker IO Thread #3/INFO]: [/[0:0:0:0:0:0:0:1%0]:34842|Radium] -> UpstreamBridge has connected
[15:25:43] [Netty Worker IO Thread #3/INFO]: [Radium|/[0:0:0:0:0:0:0:1%0]:34842] <-> ServerConnector [lobby] has connected
[15:26:41] [Netty Worker IO Thread #0/INFO]: [/[0:0:0:0:0:0:0:1%0]:53910|mr_meow_meow] -> UpstreamBridge has disconnected
[15:26:41] [Netty Worker IO Thread #0/INFO]: [mr_meow_meow] disconnected with: Proxy lost connection to server.
[15:26:41] [Netty Worker IO Thread #0/INFO]: [/[0:0:0:0:0:0:0:1%0]:53910|mr_meow_meow] <-> DownstreamBridge <-> [lobby] has disconnected
[15:28:46] [Netty Worker IO Thread #1/INFO] [EaglercraftXBungee]: [/[0:0:0:0:0:0:0:1%0]:51554]: Connected via websocket
[15:28:46] [Netty Worker IO Thread #1/INFO] [EaglercraftXBungee]: [/[0:0:0:0:0:0:0:1%0]:51554]: Origin header is https://justincodingprojects.is-not-a.dev
[15:28:46] [Netty Worker IO Thread #1/INFO] [EaglercraftXBungee]: [/[0:0:0:0:0:0:0:1%0]:51554]: Logged in as '___'
[15:28:46] [Netty Worker IO Thread #1/INFO]: [/[0:0:0:0:0:0:0:1%0]:51554|___] -> UpstreamBridge has connected
[15:28:46] [Netty Worker IO Thread #1/INFO]: [___|/[0:0:0:0:0:0:0:1%0]:51554] <-> ServerConnector [lobby] has connected
[15:29:42] [Netty Worker IO Thread #1/INFO]: [/[0:0:0:0:0:0:0:1%0]:51554|___] -> UpstreamBridge has disconnected
[15:29:42] [Netty Worker IO Thread #1/INFO]: [___] disconnected with: Proxy lost connection to server.
[15:29:42] [Netty Worker IO Thread #1/INFO]: [/[0:0:0:0:0:0:0:1%0]:51554|___] <-> DownstreamBridge <-> [lobby] has disconnected
[15:31:05] [Netty Worker IO Thread #0/INFO] [EaglercraftXBungee]: [/[0:0:0:0:0:0:0:1%0]:53524]: Connected via websocket
[15:31:05] [Netty Worker IO Thread #0/INFO] [EaglercraftXBungee]: [/[0:0:0:0:0:0:0:1%0]:53524]: Origin header is null
[15:31:05] [Netty Worker IO Thread #0/INFO] [EaglercraftXBungee]: [/[0:0:0:0:0:0:0:1%0]:53524]: Logged in as 'JustinTheGPTMan'
[15:31:05] [Netty Worker IO Thread #0/INFO]: [/[0:0:0:0:0:0:0:1%0]:53524|JustinTheGPTMan] -> UpstreamBridge has connected
[15:31:05] [Netty Worker IO Thread #0/INFO]: [JustinTheGPTMan|/[0:0:0:0:0:0:0:1%0]:53524] <-> ServerConnector [lobby] has connected
[15:33:13] [Netty Worker IO Thread #2/INFO] [EaglercraftXBungee]: [/[0:0:0:0:0:0:0:1%0]:52958]: Connected via websocket
[15:33:13] [Netty Worker IO Thread #2/INFO] [EaglercraftXBungee]: [/[0:0:0:0:0:0:0:1%0]:52958]: Origin header is https://justincodingprojects.is-not-a.dev
[15:33:13] [Netty Worker IO Thread #2/INFO] [EaglercraftXBungee]: [/[0:0:0:0:0:0:0:1%0]:52958]: Logged in as 'mr_meow_meow'
[15:33:13] [Netty Worker IO Thread #2/INFO]: [/[0:0:0:0:0:0:0:1%0]:52958|mr_meow_meow] -> UpstreamBridge has connected
[15:33:13] [Netty Worker IO Thread #2/INFO]: [mr_meow_meow|/[0:0:0:0:0:0:0:1%0]:52958] <-> ServerConnector [lobby] has connected
[15:36:14] [Netty Worker IO Thread #3/INFO]: [/[0:0:0:0:0:0:0:1%0]:34842|Radium] -> UpstreamBridge has disconnected
[15:36:14] [Netty Worker IO Thread #3/INFO]: [Radium] disconnected with: Proxy lost connection to server.
[15:36:14] [Netty Worker IO Thread #3/INFO]: [/[0:0:0:0:0:0:0:1%0]:34842|Radium] <-> DownstreamBridge <-> [lobby] has disconnected
[15:36:43] [Netty Worker IO Thread #3/INFO] [EaglercraftXBungee]: [/[0:0:0:0:0:0:0:1%0]:59308]: Connected via websocket
[15:36:43] [Netty Worker IO Thread #3/INFO] [EaglercraftXBungee]: [/[0:0:0:0:0:0:0:1%0]:59308]: Origin header is https://justincodingprojects.is-not-a.dev
[15:36:43] [Netty Worker IO Thread #3/INFO] [EaglercraftXBungee]: [/[0:0:0:0:0:0:0:1%0]:59308]: Logged in as 'Radium'
[15:36:43] [Netty Worker IO Thread #3/INFO]: [/[0:0:0:0:0:0:0:1%0]:59308|Radium] -> UpstreamBridge has connected
[15:36:43] [Netty Worker IO Thread #3/INFO]: [Radium|/[0:0:0:0:0:0:0:1%0]:59308] <-> ServerConnector [lobby] has connected
[15:37:42] [Netty Worker IO Thread #2/INFO]: [/[0:0:0:0:0:0:0:1%0]:52958|mr_meow_meow] -> UpstreamBridge has disconnected
[15:37:42] [Netty Worker IO Thread #2/INFO]: [mr_meow_meow] disconnected with: Proxy lost connection to server.
[15:37:42] [Netty Worker IO Thread #2/INFO]: [/[0:0:0:0:0:0:0:1%0]:52958|mr_meow_meow] <-> DownstreamBridge <-> [lobby] has disconnected
[15:37:48] [Netty Worker IO Thread #1/INFO] [EaglercraftXBungee]: [/[0:0:0:0:0:0:0:1%0]:40144]: Connected via websocket
[15:37:48] [Netty Worker IO Thread #1/INFO] [EaglercraftXBungee]: [/[0:0:0:0:0:0:0:1%0]:40144]: Origin header is https://justincodingprojects.is-not-a.dev
[15:37:48] [Netty Worker IO Thread #1/INFO] [EaglercraftXBungee]: [/[0:0:0:0:0:0:0:1%0]:40144]: Logged in as 'mr_meow_meow'
[15:37:48] [Netty Worker IO Thread #1/INFO]: [/[0:0:0:0:0:0:0:1%0]:40144|mr_meow_meow] -> UpstreamBridge has connected
[15:37:48] [Netty Worker IO Thread #1/INFO]: [mr_meow_meow|/[0:0:0:0:0:0:0:1%0]:40144] <-> ServerConnector [lobby] has connected
[15:39:14] [Netty Worker IO Thread #1/INFO]: [/[0:0:0:0:0:0:0:1%0]:40144|mr_meow_meow] -> UpstreamBridge has disconnected
[15:39:14] [Netty Worker IO Thread #1/INFO]: [mr_meow_meow] disconnected with: Proxy lost connection to server.
[15:39:14] [Netty Worker IO Thread #1/INFO]: [/[0:0:0:0:0:0:0:1%0]:40144|mr_meow_meow] <-> DownstreamBridge <-> [lobby] has disconnected
[15:40:34] [Netty Worker IO Thread #0/INFO]: [JustinTheGPTMan] disconnected with: Proxy lost connection to server.
[15:40:34] [Netty Worker IO Thread #0/INFO]: [/[0:0:0:0:0:0:0:1%0]:53524|JustinTheGPTMan] <-> DownstreamBridge <-> [lobby] has disconnected
[15:40:34] [Netty Worker IO Thread #0/INFO]: [/[0:0:0:0:0:0:0:1%0]:53524|JustinTheGPTMan] -> UpstreamBridge has disconnected
[15:40:58] [Netty Worker IO Thread #0/INFO] [EaglercraftXBungee]: [/[0:0:0:0:0:0:0:1%0]:42680]: Connected via websocket
[15:40:58] [Netty Worker IO Thread #0/INFO] [EaglercraftXBungee]: [/[0:0:0:0:0:0:0:1%0]:42680]: Origin header is https://justincodingprojects.is-not-a.dev
[15:40:58] [Netty Worker IO Thread #0/INFO] [EaglercraftXBungee]: [/[0:0:0:0:0:0:0:1%0]:42680]: Logged in as 'mr_meow_meow'
[15:40:58] [Netty Worker IO Thread #0/INFO]: [/[0:0:0:0:0:0:0:1%0]:42680|mr_meow_meow] -> UpstreamBridge has connected
[15:40:58] [Netty Worker IO Thread #0/INFO]: [mr_meow_meow|/[0:0:0:0:0:0:0:1%0]:42680] <-> ServerConnector [lobby] has connected
[15:41:36] [Netty Worker IO Thread #1/INFO] [EaglercraftXBungee]: [/[0:0:0:0:0:0:0:1%0]:46312]: Connected via websocket
[15:41:36] [Netty Worker IO Thread #1/INFO] [EaglercraftXBungee]: [/[0:0:0:0:0:0:0:1%0]:46312]: Origin header is null
[15:41:36] [Netty Worker IO Thread #1/INFO] [EaglercraftXBungee]: [/[0:0:0:0:0:0:0:1%0]:46312]: Logged in as 'JustinTheGPTMan'
[15:41:36] [Netty Worker IO Thread #1/INFO]: [/[0:0:0:0:0:0:0:1%0]:46312|JustinTheGPTMan] -> UpstreamBridge has connected
[15:41:36] [Netty Worker IO Thread #1/INFO]: [JustinTheGPTMan|/[0:0:0:0:0:0:0:1%0]:46312] <-> ServerConnector [lobby] has connected
[15:42:49] [Netty Worker IO Thread #1/INFO]: [JustinTheGPTMan] disconnected with: Proxy lost connection to server.
[15:42:49] [Netty Worker IO Thread #1/INFO]: [/[0:0:0:0:0:0:0:1%0]:46312|JustinTheGPTMan] <-> DownstreamBridge <-> [lobby] has disconnected
[15:42:49] [Netty Worker IO Thread #1/INFO]: [/[0:0:0:0:0:0:0:1%0]:46312|JustinTheGPTMan] -> UpstreamBridge has disconnected
[15:45:41] [Netty Worker IO Thread #3/INFO] [EaglercraftXBungee]: [/[0:0:0:0:0:0:0:1%0]:37644]: Connected via websocket
[15:45:41] [Netty Worker IO Thread #3/INFO] [EaglercraftXBungee]: [/[0:0:0:0:0:0:0:1%0]:37644]: Origin header is null
[15:45:41] [Netty Worker IO Thread #3/INFO] [EaglercraftXBungee]: [/[0:0:0:0:0:0:0:1%0]:37644]: Logged in as 'JustinTheGPTMan'
[15:45:41] [Netty Worker IO Thread #3/INFO]: [/[0:0:0:0:0:0:0:1%0]:37644|JustinTheGPTMan] -> UpstreamBridge has connected
[15:45:41] [Netty Worker IO Thread #3/INFO]: [JustinTheGPTMan|/[0:0:0:0:0:0:0:1%0]:37644] <-> ServerConnector [lobby] has connected
[15:45:57] [Netty Worker IO Thread #0/INFO]: [/[0:0:0:0:0:0:0:1%0]:42680|mr_meow_meow] -> UpstreamBridge has disconnected
[15:45:57] [Netty Worker IO Thread #0/INFO]: [mr_meow_meow] disconnected with: Proxy lost connection to server.
[15:45:57] [Netty Worker IO Thread #0/INFO]: [/[0:0:0:0:0:0:0:1%0]:42680|mr_meow_meow] <-> DownstreamBridge <-> [lobby] has disconnected
[15:48:02] [Netty Worker IO Thread #3/INFO]: [/[0:0:0:0:0:0:0:1%0]:37644|JustinTheGPTMan] -> UpstreamBridge has disconnected
[15:48:02] [Netty Worker IO Thread #3/INFO]: [JustinTheGPTMan] disconnected with: Proxy lost connection to server.
[15:48:02] [Netty Worker IO Thread #3/INFO]: [/[0:0:0:0:0:0:0:1%0]:37644|JustinTheGPTMan] <-> DownstreamBridge <-> [lobby] has disconnected
[15:48:07] [Netty Worker IO Thread #3/INFO]: [/[0:0:0:0:0:0:0:1%0]:59308|Radium] -> UpstreamBridge has disconnected
[15:48:07] [Netty Worker IO Thread #3/INFO]: [Radium] disconnected with: Proxy lost connection to server.
[15:48:07] [Netty Worker IO Thread #3/INFO]: [/[0:0:0:0:0:0:0:1%0]:59308|Radium] <-> DownstreamBridge <-> [lobby] has disconnected
[15:48:09] [Shutdown Thread/INFO]: Closing listener [id: 0xe113019e, L:/127.0.0.1:25577]
[15:48:09] [Shutdown Thread/INFO]: Closing pending connections
[15:48:09] [Shutdown Thread/INFO]: Disconnecting 0 connections
[15:48:10] [Shutdown Thread/INFO]: Disabling plugins
[15:48:10] [Shutdown Thread/INFO] [EaglercraftXBungee]: Eaglercraft listener closed: /0.0.0.0:8081
[15:48:10] [Shutdown Thread/INFO] [EaglercraftXBungee]: Successfully disconnected from database 'jdbc:sqlite:eaglercraft_skins_cache.db'
[15:48:10] [Shutdown Thread/INFO] [EaglercraftXBungee]: Stopping skin cache HTTP client...
[15:48:12] [Shutdown Thread/INFO]: Closing IO threads
[15:48:14] [Shutdown Thread/INFO]: Thank you and goodbye
